INFO: [VRFC 10-2263] Analyzing Verilog file "D:/CE/DAKTMT/Vivado/project_dct/project_dct.sim/sim_1/impl/func/xsim/rd_tb_func_impl.v" into library xil_defaultlib
INFO: [VRFC 10-311] analyzing module accum_32
INFO: [VRFC 10-311] analyzing module accum_32_HD3
INFO: [VRFC 10-311] analyzing module convert_32_lib_work_genblk1[0].conv_inst
INFO: [VRFC 10-311] analyzing module convert_32_lib_work_genblk1[1].conv_inst
INFO: [VRFC 10-311] analyzing module convert_32_lib_work_genblk1[2].conv_inst
INFO: [VRFC 10-311] analyzing module convert_32_lib_work_genblk1[3].conv_inst
INFO: [VRFC 10-311] analyzing module kria_top
INFO: [VRFC 10-311] analyzing module kria_top_auto_ds_0
INFO: [VRFC 10-311] analyzing module kria_top_auto_ds_0_axi_data_fifo_v2_1_27_axic_fifo
INFO: [VRFC 10-311] analyzing module kria_top_auto_ds_0_axi_data_fifo_v2_1_27_axic_fifo__parameterized0
INFO: [VRFC 10-311] analyzing module kria_top_auto_ds_0_axi_data_fifo_v2_1_27_axic_fifo__parameterized0__xdcDup__1
INFO: [VRFC 10-311] analyzing module kria_top_auto_ds_0_axi_data_fifo_v2_1_27_fifo_gen
INFO: [VRFC 10-311] analyzing module kria_top_auto_ds_0_axi_data_fifo_v2_1_27_fifo_gen__parameterized0
INFO: [VRFC 10-311] analyzing module kria_top_auto_ds_0_axi_data_fifo_v2_1_27_fifo_gen__parameterized0__xdcDup__1
INFO: [VRFC 10-311] analyzing module kria_top_auto_ds_0_axi_dwidth_converter_v2_1_28_a_downsizer
INFO: [VRFC 10-311] analyzing module kria_top_auto_ds_0_axi_dwidth_converter_v2_1_28_a_downsizer__parameterized0
INFO: [VRFC 10-311] analyzing module kria_top_auto_ds_0_axi_dwidth_converter_v2_1_28_axi_downsizer
INFO: [VRFC 10-311] analyzing module kria_top_auto_ds_0_axi_dwidth_converter_v2_1_28_b_downsizer
INFO: [VRFC 10-311] analyzing module kria_top_auto_ds_0_axi_dwidth_converter_v2_1_28_r_downsizer
INFO: [VRFC 10-311] analyzing module kria_top_auto_ds_0_axi_dwidth_converter_v2_1_28_top
INFO: [VRFC 10-311] analyzing module kria_top_auto_ds_0_axi_dwidth_converter_v2_1_28_w_downsizer
INFO: [VRFC 10-311] analyzing module kria_top_auto_ds_0_xpm_cdc_async_rst
INFO: [VRFC 10-311] analyzing module kria_top_auto_ds_0_xpm_cdc_async_rst__3
INFO: [VRFC 10-311] analyzing module kria_top_auto_ds_0_xpm_cdc_async_rst__4
INFO: [VRFC 10-311] analyzing module kria_top_auto_pc_0
INFO: [VRFC 10-311] analyzing module kria_top_auto_pc_0_axi_protocol_converter_v2_1_28_axi_protocol_converter
INFO: [VRFC 10-311] analyzing module kria_top_auto_pc_0_axi_protocol_converter_v2_1_28_b2s
INFO: [VRFC 10-311] analyzing module kria_top_auto_pc_0_axi_protocol_converter_v2_1_28_b2s_ar_channel
INFO: [VRFC 10-311] analyzing module kria_top_auto_pc_0_axi_protocol_converter_v2_1_28_b2s_aw_channel
INFO: [VRFC 10-311] analyzing module kria_top_auto_pc_0_axi_protocol_converter_v2_1_28_b2s_b_channel
INFO: [VRFC 10-311] analyzing module kria_top_auto_pc_0_axi_protocol_converter_v2_1_28_b2s_cmd_translator
INFO: [VRFC 10-311] analyzing module kria_top_auto_pc_0_axi_protocol_converter_v2_1_28_b2s_cmd_translator_1
INFO: [VRFC 10-311] analyzing module kria_top_auto_pc_0_axi_protocol_converter_v2_1_28_b2s_incr_cmd
INFO: [VRFC 10-311] analyzing module kria_top_auto_pc_0_axi_protocol_converter_v2_1_28_b2s_incr_cmd_2
INFO: [VRFC 10-311] analyzing module kria_top_auto_pc_0_axi_protocol_converter_v2_1_28_b2s_r_channel
INFO: [VRFC 10-311] analyzing module kria_top_auto_pc_0_axi_protocol_converter_v2_1_28_b2s_rd_cmd_fsm
INFO: [VRFC 10-311] analyzing module kria_top_auto_pc_0_axi_protocol_converter_v2_1_28_b2s_simple_fifo
INFO: [VRFC 10-311] analyzing module kria_top_auto_pc_0_axi_protocol_converter_v2_1_28_b2s_simple_fifo__parameterized0
INFO: [VRFC 10-311] analyzing module kria_top_auto_pc_0_axi_protocol_converter_v2_1_28_b2s_simple_fifo__parameterized1
INFO: [VRFC 10-311] analyzing module kria_top_auto_pc_0_axi_protocol_converter_v2_1_28_b2s_simple_fifo__parameterized2
INFO: [VRFC 10-311] analyzing module kria_top_auto_pc_0_axi_protocol_converter_v2_1_28_b2s_wr_cmd_fsm
INFO: [VRFC 10-311] analyzing module kria_top_auto_pc_0_axi_protocol_converter_v2_1_28_b2s_wrap_cmd
INFO: [VRFC 10-311] analyzing module kria_top_auto_pc_0_axi_protocol_converter_v2_1_28_b2s_wrap_cmd_3
INFO: [VRFC 10-311] analyzing module kria_top_auto_pc_0_axi_register_slice_v2_1_28_axi_register_slice
INFO: [VRFC 10-311] analyzing module kria_top_auto_pc_0_axi_register_slice_v2_1_28_axic_register_slice
INFO: [VRFC 10-311] analyzing module kria_top_auto_pc_0_axi_register_slice_v2_1_28_axic_register_slice_0
INFO: [VRFC 10-311] analyzing module kria_top_auto_pc_0_axi_register_slice_v2_1_28_axic_register_slice__parameterized1
INFO: [VRFC 10-311] analyzing module kria_top_auto_pc_0_axi_register_slice_v2_1_28_axic_register_slice__parameterized2
INFO: [VRFC 10-311] analyzing module kria_top_axi_bram_ctrl_0_0
INFO: [VRFC 10-311] analyzing module kria_top_axi_bram_ctrl_0_0_axi_bram_ctrl
INFO: [VRFC 10-311] analyzing module kria_top_axi_bram_ctrl_0_0_axi_bram_ctrl_top
INFO: [VRFC 10-311] analyzing module kria_top_axi_bram_ctrl_0_0_full_axi
INFO: [VRFC 10-311] analyzing module kria_top_axi_bram_ctrl_0_0_rd_chnl
INFO: [VRFC 10-311] analyzing module kria_top_axi_bram_ctrl_0_0_sng_port_arb
INFO: [VRFC 10-311] analyzing module kria_top_axi_bram_ctrl_0_0_wr_chnl
INFO: [VRFC 10-311] analyzing module kria_top_axi_bram_ctrl_0_0_wrap_brst
INFO: [VRFC 10-311] analyzing module kria_top_axi_bram_ctrl_0_0_wrap_brst_0
INFO: [VRFC 10-311] analyzing module kria_top_axi_bram_ctrl_0_1
INFO: [VRFC 10-311] analyzing module kria_top_axi_bram_ctrl_0_1_axi_bram_ctrl
INFO: [VRFC 10-311] analyzing module kria_top_axi_bram_ctrl_0_1_axi_bram_ctrl_top
INFO: [VRFC 10-311] analyzing module kria_top_axi_bram_ctrl_0_1_full_axi
INFO: [VRFC 10-311] analyzing module kria_top_axi_bram_ctrl_0_1_rd_chnl
INFO: [VRFC 10-311] analyzing module kria_top_axi_bram_ctrl_0_1_sng_port_arb
INFO: [VRFC 10-311] analyzing module kria_top_axi_bram_ctrl_0_1_wr_chnl
INFO: [VRFC 10-311] analyzing module kria_top_axi_bram_ctrl_0_1_wrap_brst
INFO: [VRFC 10-311] analyzing module kria_top_axi_bram_ctrl_0_1_wrap_brst_0
INFO: [VRFC 10-311] analyzing module kria_top_axi_bram_ctrl_0_bram_0
INFO: [VRFC 10-311] analyzing module kria_top_axi_bram_ctrl_1_bram_0
INFO: [VRFC 10-311] analyzing module kria_top_axi_cdma_0_0
INFO: [VRFC 10-311] analyzing module kria_top_axi_cdma_0_0_axi_cdma
INFO: [VRFC 10-311] analyzing module kria_top_axi_cdma_0_0_axi_cdma_lite_if
INFO: [VRFC 10-311] analyzing module kria_top_axi_cdma_0_0_axi_cdma_pulse_gen
INFO: [VRFC 10-311] analyzing module kria_top_axi_cdma_0_0_axi_cdma_pulse_gen__parameterized0
INFO: [VRFC 10-311] analyzing module kria_top_axi_cdma_0_0_axi_cdma_pulse_gen__parameterized1
INFO: [VRFC 10-311] analyzing module kria_top_axi_cdma_0_0_axi_cdma_reg_module
INFO: [VRFC 10-311] analyzing module kria_top_axi_cdma_0_0_axi_cdma_register
INFO: [VRFC 10-311] analyzing module kria_top_axi_cdma_0_0_axi_cdma_reset
INFO: [VRFC 10-311] analyzing module kria_top_axi_cdma_0_0_axi_cdma_simple_cntlr
INFO: [VRFC 10-311] analyzing module kria_top_axi_cdma_0_0_axi_cdma_simple_wrap
INFO: [VRFC 10-311] analyzing module kria_top_axi_cdma_0_0_axi_datamover
INFO: [VRFC 10-311] analyzing module kria_top_axi_cdma_0_0_axi_datamover_addr_cntl
INFO: [VRFC 10-311] analyzing module kria_top_axi_cdma_0_0_axi_datamover_addr_cntl__parameterized0
INFO: [VRFC 10-311] analyzing module kria_top_axi_cdma_0_0_axi_datamover_cmd_status
INFO: [VRFC 10-311] analyzing module kria_top_axi_cdma_0_0_axi_datamover_cmd_status_2
INFO: [VRFC 10-311] analyzing module kria_top_axi_cdma_0_0_axi_datamover_fifo
INFO: [VRFC 10-311] analyzing module kria_top_axi_cdma_0_0_axi_datamover_fifo_7
INFO: [VRFC 10-311] analyzing module kria_top_axi_cdma_0_0_axi_datamover_fifo__parameterized0
INFO: [VRFC 10-311] analyzing module kria_top_axi_cdma_0_0_axi_datamover_fifo__parameterized0_6
INFO: [VRFC 10-311] analyzing module kria_top_axi_cdma_0_0_axi_datamover_fifo__parameterized1
INFO: [VRFC 10-311] analyzing module kria_top_axi_cdma_0_0_axi_datamover_fifo__parameterized1_8
INFO: [VRFC 10-311] analyzing module kria_top_axi_cdma_0_0_axi_datamover_fifo__parameterized2
INFO: [VRFC 10-311] analyzing module kria_top_axi_cdma_0_0_axi_datamover_fifo__parameterized3
INFO: [VRFC 10-311] analyzing module kria_top_axi_cdma_0_0_axi_datamover_fifo__parameterized4
INFO: [VRFC 10-311] analyzing module kria_top_axi_cdma_0_0_axi_datamover_fifo__parameterized5
INFO: [VRFC 10-311] analyzing module kria_top_axi_cdma_0_0_axi_datamover_mm2s_full_wrap
INFO: [VRFC 10-311] analyzing module kria_top_axi_cdma_0_0_axi_datamover_pcc
INFO: [VRFC 10-311] analyzing module kria_top_axi_cdma_0_0_axi_datamover_pcc__parameterized0
INFO: [VRFC 10-311] analyzing module kria_top_axi_cdma_0_0_axi_datamover_rd_status_cntl
INFO: [VRFC 10-311] analyzing module kria_top_axi_cdma_0_0_axi_datamover_rddata_cntl
INFO: [VRFC 10-311] analyzing module kria_top_axi_cdma_0_0_axi_datamover_reset
INFO: [VRFC 10-311] analyzing module kria_top_axi_cdma_0_0_axi_datamover_reset_3
INFO: [VRFC 10-311] analyzing module kria_top_axi_cdma_0_0_axi_datamover_s2mm_full_wrap
INFO: [VRFC 10-311] analyzing module kria_top_axi_cdma_0_0_axi_datamover_skid2mm_buf
INFO: [VRFC 10-311] analyzing module kria_top_axi_cdma_0_0_axi_datamover_strb_gen2
INFO: [VRFC 10-311] analyzing module kria_top_axi_cdma_0_0_axi_datamover_strb_gen2_5
INFO: [VRFC 10-311] analyzing module kria_top_axi_cdma_0_0_axi_datamover_wr_status_cntl
INFO: [VRFC 10-311] analyzing module kria_top_axi_cdma_0_0_axi_datamover_wrdata_cntl
INFO: [VRFC 10-311] analyzing module kria_top_axi_cdma_0_0_cntr_incr_decr_addn_f
INFO: [VRFC 10-311] analyzing module kria_top_axi_cdma_0_0_cntr_incr_decr_addn_f_1
INFO: [VRFC 10-311] analyzing module kria_top_axi_cdma_0_0_cntr_incr_decr_addn_f_11
INFO: [VRFC 10-311] analyzing module kria_top_axi_cdma_0_0_cntr_incr_decr_addn_f_4
INFO: [VRFC 10-311] analyzing module kria_top_axi_cdma_0_0_cntr_incr_decr_addn_f__parameterized0
INFO: [VRFC 10-311] analyzing module kria_top_axi_cdma_0_0_cntr_incr_decr_addn_f__parameterized0_0
INFO: [VRFC 10-311] analyzing module kria_top_axi_cdma_0_0_dynshreg_f
INFO: [VRFC 10-311] analyzing module kria_top_axi_cdma_0_0_dynshreg_f_12
INFO: [VRFC 10-311] analyzing module kria_top_axi_cdma_0_0_dynshreg_f__parameterized0
INFO: [VRFC 10-311] analyzing module kria_top_axi_cdma_0_0_dynshreg_f__parameterized1
INFO: [VRFC 10-311] analyzing module kria_top_axi_cdma_0_0_dynshreg_f__parameterized2
INFO: [VRFC 10-311] analyzing module kria_top_axi_cdma_0_0_dynshreg_f__parameterized3
INFO: [VRFC 10-311] analyzing module kria_top_axi_cdma_0_0_srl_fifo_f
INFO: [VRFC 10-311] analyzing module kria_top_axi_cdma_0_0_srl_fifo_f_9
INFO: [VRFC 10-311] analyzing module kria_top_axi_cdma_0_0_srl_fifo_f__parameterized0
INFO: [VRFC 10-311] analyzing module kria_top_axi_cdma_0_0_srl_fifo_f__parameterized1
INFO: [VRFC 10-311] analyzing module kria_top_axi_cdma_0_0_srl_fifo_f__parameterized2
INFO: [VRFC 10-311] analyzing module kria_top_axi_cdma_0_0_srl_fifo_f__parameterized3
INFO: [VRFC 10-311] analyzing module kria_top_axi_cdma_0_0_srl_fifo_rbu_f
INFO: [VRFC 10-311] analyzing module kria_top_axi_cdma_0_0_srl_fifo_rbu_f_10
INFO: [VRFC 10-311] analyzing module kria_top_axi_cdma_0_0_srl_fifo_rbu_f__parameterized0
INFO: [VRFC 10-311] analyzing module kria_top_axi_cdma_0_0_srl_fifo_rbu_f__parameterized1
INFO: [VRFC 10-311] analyzing module kria_top_axi_cdma_0_0_srl_fifo_rbu_f__parameterized2
INFO: [VRFC 10-311] analyzing module kria_top_axi_cdma_0_0_srl_fifo_rbu_f__parameterized3
INFO: [VRFC 10-311] analyzing module kria_top_axi_smc_0
INFO: [VRFC 10-311] analyzing module kria_top_axi_smc_0_bd_3ec2
INFO: [VRFC 10-311] analyzing module kria_top_axi_smc_0_bd_3ec2_arsw_0
INFO: [VRFC 10-311] analyzing module kria_top_axi_smc_0_bd_3ec2_awsw_0
INFO: [VRFC 10-311] analyzing module kria_top_axi_smc_0_bd_3ec2_bsw_0
INFO: [VRFC 10-311] analyzing module kria_top_axi_smc_0_bd_3ec2_m00arn_0
INFO: [VRFC 10-311] analyzing module kria_top_axi_smc_0_bd_3ec2_m00awn_0
INFO: [VRFC 10-311] analyzing module kria_top_axi_smc_0_bd_3ec2_m00bn_0
INFO: [VRFC 10-311] analyzing module kria_top_axi_smc_0_bd_3ec2_m00e_0
INFO: [VRFC 10-311] analyzing module kria_top_axi_smc_0_bd_3ec2_m00rn_0
INFO: [VRFC 10-311] analyzing module kria_top_axi_smc_0_bd_3ec2_m00s2a_0
INFO: [VRFC 10-311] analyzing module kria_top_axi_smc_0_bd_3ec2_m00wn_0
INFO: [VRFC 10-311] analyzing module kria_top_axi_smc_0_bd_3ec2_m01arn_0
INFO: [VRFC 10-311] analyzing module kria_top_axi_smc_0_bd_3ec2_m01awn_0
INFO: [VRFC 10-311] analyzing module kria_top_axi_smc_0_bd_3ec2_m01bn_0
INFO: [VRFC 10-311] analyzing module kria_top_axi_smc_0_bd_3ec2_m01e_0
INFO: [VRFC 10-311] analyzing module kria_top_axi_smc_0_bd_3ec2_m01rn_0
INFO: [VRFC 10-311] analyzing module kria_top_axi_smc_0_bd_3ec2_m01s2a_0
INFO: [VRFC 10-311] analyzing module kria_top_axi_smc_0_bd_3ec2_m01wn_0
INFO: [VRFC 10-311] analyzing module kria_top_axi_smc_0_bd_3ec2_m02arn_0
INFO: [VRFC 10-311] analyzing module kria_top_axi_smc_0_bd_3ec2_m02awn_0
INFO: [VRFC 10-311] analyzing module kria_top_axi_smc_0_bd_3ec2_m02bn_0
INFO: [VRFC 10-311] analyzing module kria_top_axi_smc_0_bd_3ec2_m02e_0
INFO: [VRFC 10-311] analyzing module kria_top_axi_smc_0_bd_3ec2_m02rn_0
INFO: [VRFC 10-311] analyzing module kria_top_axi_smc_0_bd_3ec2_m02s2a_0
INFO: [VRFC 10-311] analyzing module kria_top_axi_smc_0_bd_3ec2_m02wn_0
INFO: [VRFC 10-311] analyzing module kria_top_axi_smc_0_bd_3ec2_psr_aclk_0
INFO: [VRFC 10-311] analyzing module kria_top_axi_smc_0_bd_3ec2_rsw_0
INFO: [VRFC 10-311] analyzing module kria_top_axi_smc_0_bd_3ec2_s00a2s_0
INFO: [VRFC 10-311] analyzing module kria_top_axi_smc_0_bd_3ec2_s00mmu_0
INFO: [VRFC 10-311] analyzing module kria_top_axi_smc_0_bd_3ec2_s00sic_0
INFO: [VRFC 10-311] analyzing module kria_top_axi_smc_0_bd_3ec2_s00tr_0
INFO: [VRFC 10-311] analyzing module kria_top_axi_smc_0_bd_3ec2_sarn_0
INFO: [VRFC 10-311] analyzing module kria_top_axi_smc_0_bd_3ec2_sawn_0
INFO: [VRFC 10-311] analyzing module kria_top_axi_smc_0_bd_3ec2_sbn_0
INFO: [VRFC 10-311] analyzing module kria_top_axi_smc_0_bd_3ec2_srn_0
INFO: [VRFC 10-311] analyzing module kria_top_axi_smc_0_bd_3ec2_swn_0
INFO: [VRFC 10-311] analyzing module kria_top_axi_smc_0_bd_3ec2_wsw_0
INFO: [VRFC 10-311] analyzing module kria_top_axi_smc_0_cdc_sync
INFO: [VRFC 10-311] analyzing module kria_top_axi_smc_0_clk_map_imp_C3MSA
INFO: [VRFC 10-311] analyzing module kria_top_axi_smc_0_lpf
INFO: [VRFC 10-311] analyzing module kria_top_axi_smc_0_m00_exit_pipeline_imp_1X95V41
INFO: [VRFC 10-311] analyzing module kria_top_axi_smc_0_m00_nodes_imp_1B2TKVH
INFO: [VRFC 10-311] analyzing module kria_top_axi_smc_0_m01_exit_pipeline_imp_1U88L4X
INFO: [VRFC 10-311] analyzing module kria_top_axi_smc_0_m01_nodes_imp_ELSMFV
INFO: [VRFC 10-311] analyzing module kria_top_axi_smc_0_m02_exit_pipeline_imp_1NVG3EP
INFO: [VRFC 10-311] analyzing module kria_top_axi_smc_0_m02_nodes_imp_K6S6YO
INFO: [VRFC 10-311] analyzing module kria_top_axi_smc_0_proc_sys_reset
INFO: [VRFC 10-311] analyzing module kria_top_axi_smc_0_s00_entry_pipeline_imp_Y1IYTE
INFO: [VRFC 10-311] analyzing module kria_top_axi_smc_0_s00_nodes_imp_UT4H5K
INFO: [VRFC 10-311] analyzing module kria_top_axi_smc_0_sequence_psr
INFO: [VRFC 10-311] analyzing module kria_top_axi_smc_0_switchboards_imp_1DVE18
INFO: [VRFC 10-311] analyzing module kria_top_axi_smc_0_upcnt_n
INFO: [VRFC 10-311] analyzing module kria_top_axi_smc_0_xpm_cdc_async_rst__10
INFO: [VRFC 10-311] analyzing module kria_top_axi_smc_0_xpm_cdc_async_rst__11
INFO: [VRFC 10-311] analyzing module kria_top_axi_smc_0_xpm_cdc_async_rst__12
INFO: [VRFC 10-311] analyzing module kria_top_axi_smc_0_xpm_cdc_async_rst__13
INFO: [VRFC 10-311] analyzing module kria_top_axi_smc_0_xpm_cdc_async_rst__15
INFO: [VRFC 10-311] analyzing module kria_top_axi_smc_0_xpm_cdc_async_rst__17
INFO: [VRFC 10-311] analyzing module kria_top_axi_smc_0_xpm_cdc_async_rst__19
INFO: [VRFC 10-311] analyzing module kria_top_axi_smc_0_xpm_cdc_async_rst__21
INFO: [VRFC 10-311] analyzing module kria_top_axi_smc_0_xpm_cdc_async_rst__23
INFO: [VRFC 10-311] analyzing module kria_top_axi_smc_0_xpm_cdc_async_rst__25
INFO: [VRFC 10-311] analyzing module kria_top_axi_smc_0_xpm_cdc_async_rst__27
INFO: [VRFC 10-311] analyzing module kria_top_axi_smc_0_xpm_cdc_async_rst__29
INFO: [VRFC 10-311] analyzing module kria_top_axi_smc_0_xpm_cdc_async_rst__31
INFO: [VRFC 10-311] analyzing module kria_top_axi_smc_0_xpm_cdc_async_rst__33
INFO: [VRFC 10-311] analyzing module kria_top_axi_smc_0_xpm_cdc_async_rst__35
INFO: [VRFC 10-311] analyzing module kria_top_axi_smc_0_xpm_cdc_async_rst__37
INFO: [VRFC 10-311] analyzing module kria_top_axi_smc_0_xpm_cdc_async_rst__39
INFO: [VRFC 10-311] analyzing module kria_top_axi_smc_0_xpm_cdc_async_rst__41
INFO: [VRFC 10-311] analyzing module kria_top_axi_smc_0_xpm_cdc_async_rst__43
INFO: [VRFC 10-311] analyzing module kria_top_axi_smc_0_xpm_cdc_async_rst__45
INFO: [VRFC 10-311] analyzing module kria_top_axi_smc_0_xpm_cdc_async_rst__47
INFO: [VRFC 10-311] analyzing module kria_top_axi_smc_0_xpm_cdc_async_rst__49
INFO: [VRFC 10-311] analyzing module kria_top_axi_smc_0_xpm_cdc_async_rst__51
INFO: [VRFC 10-311] analyzing module kria_top_axi_smc_0_xpm_cdc_async_rst__7
INFO: [VRFC 10-311] analyzing module kria_top_axi_smc_0_xpm_cdc_async_rst__8
INFO: [VRFC 10-311] analyzing module kria_top_axi_smc_0_xpm_cdc_async_rst__9
INFO: [VRFC 10-311] analyzing module kria_top_axi_smc_0_xpm_memory_base__parameterized0
INFO: [VRFC 10-311] analyzing module kria_top_axi_smc_0_xpm_memory_base__parameterized0__10
INFO: [VRFC 10-311] analyzing module kria_top_axi_smc_0_xpm_memory_base__parameterized0__6
INFO: [VRFC 10-311] analyzing module kria_top_axi_smc_0_xpm_memory_base__parameterized0__7
INFO: [VRFC 10-311] analyzing module kria_top_axi_smc_0_xpm_memory_base__parameterized0__8
INFO: [VRFC 10-311] analyzing module kria_top_axi_smc_0_xpm_memory_base__parameterized0__9
INFO: [VRFC 10-311] analyzing module kria_top_axi_smc_0_xpm_memory_base__parameterized10
INFO: [VRFC 10-311] analyzing module kria_top_axi_smc_0_xpm_memory_base__parameterized2
INFO: [VRFC 10-311] analyzing module kria_top_axi_smc_0_xpm_memory_base__parameterized2__3
INFO: [VRFC 10-311] analyzing module kria_top_axi_smc_0_xpm_memory_base__parameterized2__4
INFO: [VRFC 10-311] analyzing module kria_top_axi_smc_0_xpm_memory_base__parameterized3
INFO: [VRFC 10-311] analyzing module kria_top_axi_smc_0_xpm_memory_base__parameterized3__2
INFO: [VRFC 10-311] analyzing module kria_top_axi_smc_0_xpm_memory_base__parameterized3__3
INFO: [VRFC 10-311] analyzing module kria_top_axi_smc_0_xpm_memory_base__parameterized4
INFO: [VRFC 10-311] analyzing module kria_top_axi_smc_0_xpm_memory_base__parameterized5
INFO: [VRFC 10-311] analyzing module kria_top_axi_smc_0_xpm_memory_base__parameterized5__2
INFO: [VRFC 10-311] analyzing module kria_top_axi_smc_0_xpm_memory_base__parameterized6
INFO: [VRFC 10-311] analyzing module kria_top_axi_smc_0_xpm_memory_base__parameterized6__2
INFO: [VRFC 10-311] analyzing module kria_top_axi_smc_0_xpm_memory_base__parameterized6__3
INFO: [VRFC 10-311] analyzing module kria_top_axi_smc_0_xpm_memory_base__parameterized7
INFO: [VRFC 10-311] analyzing module kria_top_axi_smc_0_xpm_memory_base__parameterized7__2
INFO: [VRFC 10-311] analyzing module kria_top_axi_smc_0_xpm_memory_base__parameterized8
INFO: [VRFC 10-311] analyzing module kria_top_axi_smc_0_xpm_memory_base__parameterized9
INFO: [VRFC 10-311] analyzing module kria_top_axi_smc_0_xpm_memory_sdpram__parameterized0
INFO: [VRFC 10-311] analyzing module kria_top_axi_smc_0_xpm_memory_sdpram__parameterized0__10
INFO: [VRFC 10-311] analyzing module kria_top_axi_smc_0_xpm_memory_sdpram__parameterized0__6
INFO: [VRFC 10-311] analyzing module kria_top_axi_smc_0_xpm_memory_sdpram__parameterized0__7
INFO: [VRFC 10-311] analyzing module kria_top_axi_smc_0_xpm_memory_sdpram__parameterized0__8
INFO: [VRFC 10-311] analyzing module kria_top_axi_smc_0_xpm_memory_sdpram__parameterized0__9
INFO: [VRFC 10-311] analyzing module kria_top_axi_smc_0_xpm_memory_sdpram__parameterized10
INFO: [VRFC 10-311] analyzing module kria_top_axi_smc_0_xpm_memory_sdpram__parameterized2
INFO: [VRFC 10-311] analyzing module kria_top_axi_smc_0_xpm_memory_sdpram__parameterized2__3
INFO: [VRFC 10-311] analyzing module kria_top_axi_smc_0_xpm_memory_sdpram__parameterized2__4
INFO: [VRFC 10-311] analyzing module kria_top_axi_smc_0_xpm_memory_sdpram__parameterized3
INFO: [VRFC 10-311] analyzing module kria_top_axi_smc_0_xpm_memory_sdpram__parameterized3__2
INFO: [VRFC 10-311] analyzing module kria_top_axi_smc_0_xpm_memory_sdpram__parameterized3__3
INFO: [VRFC 10-311] analyzing module kria_top_axi_smc_0_xpm_memory_sdpram__parameterized4
INFO: [VRFC 10-311] analyzing module kria_top_axi_smc_0_xpm_memory_sdpram__parameterized5
INFO: [VRFC 10-311] analyzing module kria_top_axi_smc_0_xpm_memory_sdpram__parameterized5__2
INFO: [VRFC 10-311] analyzing module kria_top_axi_smc_0_xpm_memory_sdpram__parameterized6
INFO: [VRFC 10-311] analyzing module kria_top_axi_smc_0_xpm_memory_sdpram__parameterized6__2
INFO: [VRFC 10-311] analyzing module kria_top_axi_smc_0_xpm_memory_sdpram__parameterized6__3
INFO: [VRFC 10-311] analyzing module kria_top_axi_smc_0_xpm_memory_sdpram__parameterized7
INFO: [VRFC 10-311] analyzing module kria_top_axi_smc_0_xpm_memory_sdpram__parameterized7__2
INFO: [VRFC 10-311] analyzing module kria_top_axi_smc_0_xpm_memory_sdpram__parameterized8
INFO: [VRFC 10-311] analyzing module kria_top_axi_smc_0_xpm_memory_sdpram__parameterized9
INFO: [VRFC 10-311] analyzing module kria_top_ps8_0_axi_periph_0
INFO: [VRFC 10-311] analyzing module kria_top_reg_bank_0_0
INFO: [VRFC 10-311] analyzing module kria_top_reg_bank_0_0_reg_bank
INFO: [VRFC 10-311] analyzing module kria_top_rst_ps8_0_99M_0
INFO: [VRFC 10-311] analyzing module kria_top_rst_ps8_0_99M_0_cdc_sync
INFO: [VRFC 10-311] analyzing module kria_top_rst_ps8_0_99M_0_cdc_sync_0
INFO: [VRFC 10-311] analyzing module kria_top_rst_ps8_0_99M_0_lpf
INFO: [VRFC 10-311] analyzing module kria_top_rst_ps8_0_99M_0_proc_sys_reset
INFO: [VRFC 10-311] analyzing module kria_top_rst_ps8_0_99M_0_sequence_psr
INFO: [VRFC 10-311] analyzing module kria_top_rst_ps8_0_99M_0_upcnt_n
INFO: [VRFC 10-311] analyzing module kria_top_system_0_0
INFO: [VRFC 10-311] analyzing module kria_top_system_0_0_FIFO
INFO: [VRFC 10-311] analyzing module kria_top_system_0_0_FIFO__parameterized0
INFO: [VRFC 10-311] analyzing module kria_top_system_0_0_FIFO__parameterized0_0
INFO: [VRFC 10-311] analyzing module kria_top_system_0_0_control_unit
INFO: [VRFC 10-311] analyzing module kria_top_system_0_0_conv_float
INFO: [VRFC 10-311] analyzing module kria_top_system_0_0_counter
INFO: [VRFC 10-311] analyzing module kria_top_system_0_0_counter__parameterized0
INFO: [VRFC 10-311] analyzing module kria_top_system_0_0_rd_bram
INFO: [VRFC 10-311] analyzing module kria_top_system_0_0_system
INFO: [VRFC 10-311] analyzing module kria_top_wrapper
INFO: [VRFC 10-311] analyzing module kria_top_xbar_0
INFO: [VRFC 10-311] analyzing module kria_top_xbar_0_axi_crossbar_v2_1_29_addr_arbiter_sasd
INFO: [VRFC 10-311] analyzing module kria_top_xbar_0_axi_crossbar_v2_1_29_axi_crossbar
INFO: [VRFC 10-311] analyzing module kria_top_xbar_0_axi_crossbar_v2_1_29_crossbar_sasd
INFO: [VRFC 10-311] analyzing module kria_top_xbar_0_axi_crossbar_v2_1_29_decerr_slave
INFO: [VRFC 10-311] analyzing module kria_top_xbar_0_axi_crossbar_v2_1_29_splitter
INFO: [VRFC 10-311] analyzing module kria_top_xbar_0_axi_crossbar_v2_1_29_splitter__parameterized0
INFO: [VRFC 10-311] analyzing module kria_top_xbar_0_axi_register_slice_v2_1_28_axic_register_slice
INFO: [VRFC 10-311] analyzing module kria_top_zynq_ultra_ps_e_0_0
INFO: [VRFC 10-311] analyzing module kria_top_zynq_ultra_ps_e_0_0_zynq_ultra_ps_e_v3_5_0_zynq_ultra_ps_e
INFO: [VRFC 10-311] analyzing module s00_couplers_imp_1EAIA95
INFO: [VRFC 10-311] analyzing module kria_top_axi_smc_0_sc_axi2sc_v1_0_8_top
INFO: [VRFC 10-311] analyzing module kria_top_axi_smc_0_sc_exit_v1_0_13_exit
INFO: [VRFC 10-311] analyzing module kria_top_axi_smc_0_sc_exit_v1_0_13_exit__parameterized0
INFO: [VRFC 10-311] analyzing module kria_top_axi_smc_0_sc_exit_v1_0_13_exit__parameterized0_172
INFO: [VRFC 10-311] analyzing module kria_top_axi_smc_0_sc_exit_v1_0_13_top
INFO: [VRFC 10-311] analyzing module kria_top_axi_smc_0_sc_exit_v1_0_13_top__parameterized0
INFO: [VRFC 10-311] analyzing module kria_top_axi_smc_0_sc_exit_v1_0_13_top__parameterized0__xdcDup__1
INFO: [VRFC 10-311] analyzing module kria_top_axi_smc_0_sc_mmu_v1_0_11_decerr_slave
INFO: [VRFC 10-311] analyzing module kria_top_axi_smc_0_sc_mmu_v1_0_11_top
INFO: [VRFC 10-311] analyzing module kria_top_axi_smc_0_sc_node_v1_0_14_arb_alg_rr
INFO: [VRFC 10-311] analyzing module kria_top_axi_smc_0_sc_node_v1_0_14_arb_alg_rr_13
INFO: [VRFC 10-311] analyzing module kria_top_axi_smc_0_sc_node_v1_0_14_downsizer
INFO: [VRFC 10-311] analyzing module kria_top_axi_smc_0_sc_node_v1_0_14_downsizer_124
INFO: [VRFC 10-311] analyzing module kria_top_axi_smc_0_sc_node_v1_0_14_downsizer__parameterized0
INFO: [VRFC 10-311] analyzing module kria_top_axi_smc_0_sc_node_v1_0_14_fi_regulator
INFO: [VRFC 10-311] analyzing module kria_top_axi_smc_0_sc_node_v1_0_14_fi_regulator_134
INFO: [VRFC 10-311] analyzing module kria_top_axi_smc_0_sc_node_v1_0_14_fi_regulator_72
INFO: [VRFC 10-311] analyzing module kria_top_axi_smc_0_sc_node_v1_0_14_fifo
INFO: [VRFC 10-311] analyzing module kria_top_axi_smc_0_sc_node_v1_0_14_fifo__parameterized0
INFO: [VRFC 10-311] analyzing module kria_top_axi_smc_0_sc_node_v1_0_14_fifo__parameterized0__xdcDup__1
INFO: [VRFC 10-311] analyzing module kria_top_axi_smc_0_sc_node_v1_0_14_fifo__parameterized0__xdcDup__2
INFO: [VRFC 10-311] analyzing module kria_top_axi_smc_0_sc_node_v1_0_14_fifo__parameterized0__xdcDup__3
INFO: [VRFC 10-311] analyzing module kria_top_axi_smc_0_sc_node_v1_0_14_fifo__parameterized0__xdcDup__4
INFO: [VRFC 10-311] analyzing module kria_top_axi_smc_0_sc_node_v1_0_14_fifo__parameterized0__xdcDup__5
INFO: [VRFC 10-311] analyzing module kria_top_axi_smc_0_sc_node_v1_0_14_fifo__parameterized1
INFO: [VRFC 10-311] analyzing module kria_top_axi_smc_0_sc_node_v1_0_14_fifo__parameterized10
INFO: [VRFC 10-311] analyzing module kria_top_axi_smc_0_sc_node_v1_0_14_fifo__parameterized11
INFO: [VRFC 10-311] analyzing module kria_top_axi_smc_0_sc_node_v1_0_14_fifo__parameterized12
INFO: [VRFC 10-311] analyzing module kria_top_axi_smc_0_sc_node_v1_0_14_fifo__parameterized13
INFO: [VRFC 10-311] analyzing module kria_top_axi_smc_0_sc_node_v1_0_14_fifo__parameterized1__xdcDup__1
INFO: [VRFC 10-311] analyzing module kria_top_axi_smc_0_sc_node_v1_0_14_fifo__parameterized1__xdcDup__2
INFO: [VRFC 10-311] analyzing module kria_top_axi_smc_0_sc_node_v1_0_14_fifo__parameterized1__xdcDup__3
INFO: [VRFC 10-311] analyzing module kria_top_axi_smc_0_sc_node_v1_0_14_fifo__parameterized2
INFO: [VRFC 10-311] analyzing module kria_top_axi_smc_0_sc_node_v1_0_14_fifo__parameterized2__xdcDup__1
INFO: [VRFC 10-311] analyzing module kria_top_axi_smc_0_sc_node_v1_0_14_fifo__parameterized2__xdcDup__2
INFO: [VRFC 10-311] analyzing module kria_top_axi_smc_0_sc_node_v1_0_14_fifo__parameterized3
INFO: [VRFC 10-311] analyzing module kria_top_axi_smc_0_sc_node_v1_0_14_fifo__parameterized4
INFO: [VRFC 10-311] analyzing module kria_top_axi_smc_0_sc_node_v1_0_14_fifo__parameterized5
INFO: [VRFC 10-311] analyzing module kria_top_axi_smc_0_sc_node_v1_0_14_fifo__parameterized5__xdcDup__1
INFO: [VRFC 10-311] analyzing module kria_top_axi_smc_0_sc_node_v1_0_14_fifo__parameterized6
INFO: [VRFC 10-311] analyzing module kria_top_axi_smc_0_sc_node_v1_0_14_fifo__parameterized6__xdcDup__1
INFO: [VRFC 10-311] analyzing module kria_top_axi_smc_0_sc_node_v1_0_14_fifo__parameterized7
INFO: [VRFC 10-311] analyzing module kria_top_axi_smc_0_sc_node_v1_0_14_fifo__parameterized7__xdcDup__1
INFO: [VRFC 10-311] analyzing module kria_top_axi_smc_0_sc_node_v1_0_14_fifo__parameterized8
INFO: [VRFC 10-311] analyzing module kria_top_axi_smc_0_sc_node_v1_0_14_fifo__parameterized8__xdcDup__1
INFO: [VRFC 10-311] analyzing module kria_top_axi_smc_0_sc_node_v1_0_14_fifo__parameterized9
INFO: [VRFC 10-311] analyzing module kria_top_axi_smc_0_sc_node_v1_0_14_fifo__parameterized9__xdcDup__1
INFO: [VRFC 10-311] analyzing module kria_top_axi_smc_0_sc_node_v1_0_14_fifo__xdcDup__1
INFO: [VRFC 10-311] analyzing module kria_top_axi_smc_0_sc_node_v1_0_14_fifo__xdcDup__10
INFO: [VRFC 10-311] analyzing module kria_top_axi_smc_0_sc_node_v1_0_14_fifo__xdcDup__2
INFO: [VRFC 10-311] analyzing module kria_top_axi_smc_0_sc_node_v1_0_14_fifo__xdcDup__3
INFO: [VRFC 10-311] analyzing module kria_top_axi_smc_0_sc_node_v1_0_14_fifo__xdcDup__4
INFO: [VRFC 10-311] analyzing module kria_top_axi_smc_0_sc_node_v1_0_14_fifo__xdcDup__5
INFO: [VRFC 10-311] analyzing module kria_top_axi_smc_0_sc_node_v1_0_14_fifo__xdcDup__6
INFO: [VRFC 10-311] analyzing module kria_top_axi_smc_0_sc_node_v1_0_14_fifo__xdcDup__7
INFO: [VRFC 10-311] analyzing module kria_top_axi_smc_0_sc_node_v1_0_14_fifo__xdcDup__8
INFO: [VRFC 10-311] analyzing module kria_top_axi_smc_0_sc_node_v1_0_14_fifo__xdcDup__9
INFO: [VRFC 10-311] analyzing module kria_top_axi_smc_0_sc_node_v1_0_14_ingress
INFO: [VRFC 10-311] analyzing module kria_top_axi_smc_0_sc_node_v1_0_14_ingress__parameterized0
INFO: [VRFC 10-311] analyzing module kria_top_axi_smc_0_sc_node_v1_0_14_ingress__parameterized11
INFO: [VRFC 10-311] analyzing module kria_top_axi_smc_0_sc_node_v1_0_14_ingress__parameterized12
INFO: [VRFC 10-311] analyzing module kria_top_axi_smc_0_sc_node_v1_0_14_ingress__parameterized3
INFO: [VRFC 10-311] analyzing module kria_top_axi_smc_0_sc_node_v1_0_14_ingress__parameterized4
INFO: [VRFC 10-311] analyzing module kria_top_axi_smc_0_sc_node_v1_0_14_ingress__parameterized4_161
INFO: [VRFC 10-311] analyzing module kria_top_axi_smc_0_sc_node_v1_0_14_ingress__parameterized5
INFO: [VRFC 10-311] analyzing module kria_top_axi_smc_0_sc_node_v1_0_14_ingress__parameterized5_152
INFO: [VRFC 10-311] analyzing module kria_top_axi_smc_0_sc_node_v1_0_14_ingress__parameterized8
INFO: [VRFC 10-311] analyzing module kria_top_axi_smc_0_sc_node_v1_0_14_ingress__parameterized8_125
INFO: [VRFC 10-311] analyzing module kria_top_axi_smc_0_sc_node_v1_0_14_mi_handler
INFO: [VRFC 10-311] analyzing module kria_top_axi_smc_0_sc_node_v1_0_14_mi_handler__parameterized0
INFO: [VRFC 10-311] analyzing module kria_top_axi_smc_0_sc_node_v1_0_14_mi_handler__parameterized1
INFO: [VRFC 10-311] analyzing module kria_top_axi_smc_0_sc_node_v1_0_14_mi_handler__parameterized10
INFO: [VRFC 10-311] analyzing module kria_top_axi_smc_0_sc_node_v1_0_14_mi_handler__parameterized11
INFO: [VRFC 10-311] analyzing module kria_top_axi_smc_0_sc_node_v1_0_14_mi_handler__parameterized12
INFO: [VRFC 10-311] analyzing module kria_top_axi_smc_0_sc_node_v1_0_14_mi_handler__parameterized13
INFO: [VRFC 10-311] analyzing module kria_top_axi_smc_0_sc_node_v1_0_14_mi_handler__parameterized2
INFO: [VRFC 10-311] analyzing module kria_top_axi_smc_0_sc_node_v1_0_14_mi_handler__parameterized3
INFO: [VRFC 10-311] analyzing module kria_top_axi_smc_0_sc_node_v1_0_14_mi_handler__parameterized4
INFO: [VRFC 10-311] analyzing module kria_top_axi_smc_0_sc_node_v1_0_14_mi_handler__parameterized4__xdcDup__1
INFO: [VRFC 10-311] analyzing module kria_top_axi_smc_0_sc_node_v1_0_14_mi_handler__parameterized5
INFO: [VRFC 10-311] analyzing module kria_top_axi_smc_0_sc_node_v1_0_14_mi_handler__parameterized5__xdcDup__1
INFO: [VRFC 10-311] analyzing module kria_top_axi_smc_0_sc_node_v1_0_14_mi_handler__parameterized6
INFO: [VRFC 10-311] analyzing module kria_top_axi_smc_0_sc_node_v1_0_14_mi_handler__parameterized6__xdcDup__1
INFO: [VRFC 10-311] analyzing module kria_top_axi_smc_0_sc_node_v1_0_14_mi_handler__parameterized7
INFO: [VRFC 10-311] analyzing module kria_top_axi_smc_0_sc_node_v1_0_14_mi_handler__parameterized7__xdcDup__1
INFO: [VRFC 10-311] analyzing module kria_top_axi_smc_0_sc_node_v1_0_14_mi_handler__parameterized8
INFO: [VRFC 10-311] analyzing module kria_top_axi_smc_0_sc_node_v1_0_14_mi_handler__parameterized8__xdcDup__1
INFO: [VRFC 10-311] analyzing module kria_top_axi_smc_0_sc_node_v1_0_14_mi_handler__parameterized9
INFO: [VRFC 10-311] analyzing module kria_top_axi_smc_0_sc_node_v1_0_14_reg_slice3__parameterized0
INFO: [VRFC 10-311] analyzing module kria_top_axi_smc_0_sc_node_v1_0_14_reg_slice3__parameterized0_136
INFO: [VRFC 10-311] analyzing module kria_top_axi_smc_0_sc_node_v1_0_14_reg_slice3__parameterized0_144
INFO: [VRFC 10-311] analyzing module kria_top_axi_smc_0_sc_node_v1_0_14_reg_slice3__parameterized0_202
INFO: [VRFC 10-311] analyzing module kria_top_axi_smc_0_sc_node_v1_0_14_reg_slice3__parameterized0_210
INFO: [VRFC 10-311] analyzing module kria_top_axi_smc_0_sc_node_v1_0_14_reg_slice3__parameterized0_79
INFO: [VRFC 10-311] analyzing module kria_top_axi_smc_0_sc_node_v1_0_14_reg_slice3__parameterized2
INFO: [VRFC 10-311] analyzing module kria_top_axi_smc_0_sc_node_v1_0_14_reg_slice3__parameterized2_25
INFO: [VRFC 10-311] analyzing module kria_top_axi_smc_0_sc_node_v1_0_14_reg_slice3__parameterized2_32
INFO: [VRFC 10-311] analyzing module kria_top_axi_smc_0_sc_node_v1_0_14_si_handler
INFO: [VRFC 10-311] analyzing module kria_top_axi_smc_0_sc_node_v1_0_14_si_handler_160
INFO: [VRFC 10-311] analyzing module kria_top_axi_smc_0_sc_node_v1_0_14_si_handler_225
INFO: [VRFC 10-311] analyzing module kria_top_axi_smc_0_sc_node_v1_0_14_si_handler_94
INFO: [VRFC 10-311] analyzing module kria_top_axi_smc_0_sc_node_v1_0_14_si_handler__parameterized0
INFO: [VRFC 10-311] analyzing module kria_top_axi_smc_0_sc_node_v1_0_14_si_handler__parameterized0_151
INFO: [VRFC 10-311] analyzing module kria_top_axi_smc_0_sc_node_v1_0_14_si_handler__parameterized0_217
INFO: [VRFC 10-311] analyzing module kria_top_axi_smc_0_sc_node_v1_0_14_si_handler__parameterized0_86
INFO: [VRFC 10-311] analyzing module kria_top_axi_smc_0_sc_node_v1_0_14_si_handler__parameterized1
INFO: [VRFC 10-311] analyzing module kria_top_axi_smc_0_sc_node_v1_0_14_si_handler__parameterized1_143
INFO: [VRFC 10-311] analyzing module kria_top_axi_smc_0_sc_node_v1_0_14_si_handler__parameterized1_209
INFO: [VRFC 10-311] analyzing module kria_top_axi_smc_0_sc_node_v1_0_14_si_handler__parameterized2
INFO: [VRFC 10-311] analyzing module kria_top_axi_smc_0_sc_node_v1_0_14_si_handler__parameterized2_133
INFO: [VRFC 10-311] analyzing module kria_top_axi_smc_0_sc_node_v1_0_14_si_handler__parameterized2_201
INFO: [VRFC 10-311] analyzing module kria_top_axi_smc_0_sc_node_v1_0_14_si_handler__parameterized3
INFO: [VRFC 10-311] analyzing module kria_top_axi_smc_0_sc_node_v1_0_14_si_handler__parameterized3_123
INFO: [VRFC 10-311] analyzing module kria_top_axi_smc_0_sc_node_v1_0_14_si_handler__parameterized3_193
INFO: [VRFC 10-311] analyzing module kria_top_axi_smc_0_sc_node_v1_0_14_si_handler__parameterized3_64
INFO: [VRFC 10-311] analyzing module kria_top_axi_smc_0_sc_node_v1_0_14_si_handler__parameterized4
INFO: [VRFC 10-311] analyzing module kria_top_axi_smc_0_sc_node_v1_0_14_si_handler__parameterized5
INFO: [VRFC 10-311] analyzing module kria_top_axi_smc_0_sc_node_v1_0_14_top
INFO: [VRFC 10-311] analyzing module kria_top_axi_smc_0_sc_node_v1_0_14_top__parameterized0
INFO: [VRFC 10-311] analyzing module kria_top_axi_smc_0_sc_node_v1_0_14_top__parameterized1
INFO: [VRFC 10-311] analyzing module kria_top_axi_smc_0_sc_node_v1_0_14_top__parameterized10
INFO: [VRFC 10-311] analyzing module kria_top_axi_smc_0_sc_node_v1_0_14_top__parameterized11
INFO: [VRFC 10-311] analyzing module kria_top_axi_smc_0_sc_node_v1_0_14_top__parameterized12
INFO: [VRFC 10-311] analyzing module kria_top_axi_smc_0_sc_node_v1_0_14_top__parameterized13
INFO: [VRFC 10-311] analyzing module kria_top_axi_smc_0_sc_node_v1_0_14_top__parameterized2
INFO: [VRFC 10-311] analyzing module kria_top_axi_smc_0_sc_node_v1_0_14_top__parameterized3
INFO: [VRFC 10-311] analyzing module kria_top_axi_smc_0_sc_node_v1_0_14_top__parameterized4
INFO: [VRFC 10-311] analyzing module kria_top_axi_smc_0_sc_node_v1_0_14_top__parameterized4__xdcDup__1
INFO: [VRFC 10-311] analyzing module kria_top_axi_smc_0_sc_node_v1_0_14_top__parameterized5
INFO: [VRFC 10-311] analyzing module kria_top_axi_smc_0_sc_node_v1_0_14_top__parameterized5__xdcDup__1
INFO: [VRFC 10-311] analyzing module kria_top_axi_smc_0_sc_node_v1_0_14_top__parameterized6
INFO: [VRFC 10-311] analyzing module kria_top_axi_smc_0_sc_node_v1_0_14_top__parameterized6__xdcDup__1
INFO: [VRFC 10-311] analyzing module kria_top_axi_smc_0_sc_node_v1_0_14_top__parameterized7
INFO: [VRFC 10-311] analyzing module kria_top_axi_smc_0_sc_node_v1_0_14_top__parameterized7__xdcDup__1
INFO: [VRFC 10-311] analyzing module kria_top_axi_smc_0_sc_node_v1_0_14_top__parameterized8
INFO: [VRFC 10-311] analyzing module kria_top_axi_smc_0_sc_node_v1_0_14_top__parameterized8__xdcDup__1
INFO: [VRFC 10-311] analyzing module kria_top_axi_smc_0_sc_node_v1_0_14_top__parameterized9
INFO: [VRFC 10-311] analyzing module kria_top_axi_smc_0_sc_node_v1_0_14_upsizer
INFO: [VRFC 10-311] analyzing module kria_top_axi_smc_0_sc_node_v1_0_14_upsizer_135
INFO: [VRFC 10-311] analyzing module kria_top_axi_smc_0_sc_node_v1_0_14_upsizer__parameterized0
INFO: [VRFC 10-311] analyzing module kria_top_axi_smc_0_sc_sc2axi_v1_0_8_top
INFO: [VRFC 10-311] analyzing module kria_top_axi_smc_0_sc_sc2axi_v1_0_8_top__parameterized0
INFO: [VRFC 10-311] analyzing module kria_top_axi_smc_0_sc_sc2axi_v1_0_8_top__parameterized0__1
INFO: [VRFC 10-311] analyzing module kria_top_axi_smc_0_sc_si_converter_v1_0_11_splitter
INFO: [VRFC 10-311] analyzing module kria_top_axi_smc_0_sc_si_converter_v1_0_11_top
INFO: [VRFC 10-311] analyzing module kria_top_axi_smc_0_sc_switchboard_v1_0_6_top
INFO: [VRFC 10-311] analyzing module kria_top_axi_smc_0_sc_switchboard_v1_0_6_top__1
INFO: [VRFC 10-311] analyzing module kria_top_axi_smc_0_sc_switchboard_v1_0_6_top__parameterized0
INFO: [VRFC 10-311] analyzing module kria_top_axi_smc_0_sc_switchboard_v1_0_6_top__parameterized1
INFO: [VRFC 10-311] analyzing module kria_top_axi_smc_0_sc_switchboard_v1_0_6_top__parameterized2
INFO: [VRFC 10-311] analyzing module kria_top_axi_smc_0_sc_transaction_regulator_v1_0_9_singleorder
INFO: [VRFC 10-311] analyzing module kria_top_axi_smc_0_sc_transaction_regulator_v1_0_9_singleorder_39
INFO: [VRFC 10-311] analyzing module kria_top_axi_smc_0_sc_transaction_regulator_v1_0_9_top
INFO: [VRFC 10-311] analyzing module kria_top_axi_smc_0_sc_util_v1_0_4_axi_reg_stall
INFO: [VRFC 10-311] analyzing module kria_top_axi_smc_0_sc_util_v1_0_4_axi_reg_stall_102
INFO: [VRFC 10-311] analyzing module kria_top_axi_smc_0_sc_util_v1_0_4_axi_reg_stall_103
INFO: [VRFC 10-311] analyzing module kria_top_axi_smc_0_sc_util_v1_0_4_axi_reg_stall_104
INFO: [VRFC 10-311] analyzing module kria_top_axi_smc_0_sc_util_v1_0_4_axi_reg_stall_105
INFO: [VRFC 10-311] analyzing module kria_top_axi_smc_0_sc_util_v1_0_4_axi_reg_stall_106
INFO: [VRFC 10-311] analyzing module kria_top_axi_smc_0_sc_util_v1_0_4_axi_reg_stall_169
INFO: [VRFC 10-311] analyzing module kria_top_axi_smc_0_sc_util_v1_0_4_axi_reg_stall_170
INFO: [VRFC 10-311] analyzing module kria_top_axi_smc_0_sc_util_v1_0_4_axi_reg_stall_171
INFO: [VRFC 10-311] analyzing module kria_top_axi_smc_0_sc_util_v1_0_4_axi_reg_stall_173
INFO: [VRFC 10-311] analyzing module kria_top_axi_smc_0_sc_util_v1_0_4_axi_reg_stall_174
INFO: [VRFC 10-311] analyzing module kria_top_axi_smc_0_sc_util_v1_0_4_axi_reg_stall_233
INFO: [VRFC 10-311] analyzing module kria_top_axi_smc_0_sc_util_v1_0_4_axi_reg_stall_234
INFO: [VRFC 10-311] analyzing module kria_top_axi_smc_0_sc_util_v1_0_4_axi_reg_stall_235
INFO: [VRFC 10-311] analyzing module kria_top_axi_smc_0_sc_util_v1_0_4_axi_reg_stall_236
INFO: [VRFC 10-311] analyzing module kria_top_axi_smc_0_sc_util_v1_0_4_axi_reg_stall_237
INFO: [VRFC 10-311] analyzing module kria_top_axi_smc_0_sc_util_v1_0_4_axi_reg_stall_40
INFO: [VRFC 10-311] analyzing module kria_top_axi_smc_0_sc_util_v1_0_4_axi_reg_stall_54
INFO: [VRFC 10-311] analyzing module kria_top_axi_smc_0_sc_util_v1_0_4_axi_reg_stall_55
INFO: [VRFC 10-311] analyzing module kria_top_axi_smc_0_sc_util_v1_0_4_axi_reg_stall_56
INFO: [VRFC 10-311] analyzing module kria_top_axi_smc_0_sc_util_v1_0_4_axi_reg_stall_57
INFO: [VRFC 10-311] analyzing module kria_top_axi_smc_0_sc_util_v1_0_4_axi_reg_stall_58
INFO: [VRFC 10-311] analyzing module kria_top_axi_smc_0_sc_util_v1_0_4_axi_reg_stall_59
INFO: [VRFC 10-311] analyzing module kria_top_axi_smc_0_sc_util_v1_0_4_axi_reg_stall_60
INFO: [VRFC 10-311] analyzing module kria_top_axi_smc_0_sc_util_v1_0_4_axi_splitter
INFO: [VRFC 10-311] analyzing module kria_top_axi_smc_0_sc_util_v1_0_4_axic_reg_srl_fifo
INFO: [VRFC 10-311] analyzing module kria_top_axi_smc_0_sc_util_v1_0_4_axic_reg_srl_fifo_175
INFO: [VRFC 10-311] analyzing module kria_top_axi_smc_0_sc_util_v1_0_4_axic_reg_srl_fifo_238
INFO: [VRFC 10-311] analyzing module kria_top_axi_smc_0_sc_util_v1_0_4_axic_reg_srl_fifo__parameterized0
INFO: [VRFC 10-311] analyzing module kria_top_axi_smc_0_sc_util_v1_0_4_axic_reg_srl_fifo__parameterized0_176
INFO: [VRFC 10-311] analyzing module kria_top_axi_smc_0_sc_util_v1_0_4_axic_reg_srl_fifo__parameterized0_239
INFO: [VRFC 10-311] analyzing module kria_top_axi_smc_0_sc_util_v1_0_4_axic_reg_srl_fifo__parameterized1
INFO: [VRFC 10-311] analyzing module kria_top_axi_smc_0_sc_util_v1_0_4_axic_reg_srl_fifo__parameterized2
INFO: [VRFC 10-311] analyzing module kria_top_axi_smc_0_sc_util_v1_0_4_counter
INFO: [VRFC 10-311] analyzing module kria_top_axi_smc_0_sc_util_v1_0_4_counter_1
INFO: [VRFC 10-311] analyzing module kria_top_axi_smc_0_sc_util_v1_0_4_counter_10
INFO: [VRFC 10-311] analyzing module kria_top_axi_smc_0_sc_util_v1_0_4_counter_100
INFO: [VRFC 10-311] analyzing module kria_top_axi_smc_0_sc_util_v1_0_4_counter_11
INFO: [VRFC 10-311] analyzing module kria_top_axi_smc_0_sc_util_v1_0_4_counter_127
INFO: [VRFC 10-311] analyzing module kria_top_axi_smc_0_sc_util_v1_0_4_counter_128
INFO: [VRFC 10-311] analyzing module kria_top_axi_smc_0_sc_util_v1_0_4_counter_130
INFO: [VRFC 10-311] analyzing module kria_top_axi_smc_0_sc_util_v1_0_4_counter_131
INFO: [VRFC 10-311] analyzing module kria_top_axi_smc_0_sc_util_v1_0_4_counter_137
INFO: [VRFC 10-311] analyzing module kria_top_axi_smc_0_sc_util_v1_0_4_counter_138
INFO: [VRFC 10-311] analyzing module kria_top_axi_smc_0_sc_util_v1_0_4_counter_140
INFO: [VRFC 10-311] analyzing module kria_top_axi_smc_0_sc_util_v1_0_4_counter_141
INFO: [VRFC 10-311] analyzing module kria_top_axi_smc_0_sc_util_v1_0_4_counter_145
INFO: [VRFC 10-311] analyzing module kria_top_axi_smc_0_sc_util_v1_0_4_counter_146
INFO: [VRFC 10-311] analyzing module kria_top_axi_smc_0_sc_util_v1_0_4_counter_148
INFO: [VRFC 10-311] analyzing module kria_top_axi_smc_0_sc_util_v1_0_4_counter_149
INFO: [VRFC 10-311] analyzing module kria_top_axi_smc_0_sc_util_v1_0_4_counter_154
INFO: [VRFC 10-311] analyzing module kria_top_axi_smc_0_sc_util_v1_0_4_counter_155
INFO: [VRFC 10-311] analyzing module kria_top_axi_smc_0_sc_util_v1_0_4_counter_157
INFO: [VRFC 10-311] analyzing module kria_top_axi_smc_0_sc_util_v1_0_4_counter_158
INFO: [VRFC 10-311] analyzing module kria_top_axi_smc_0_sc_util_v1_0_4_counter_163
INFO: [VRFC 10-311] analyzing module kria_top_axi_smc_0_sc_util_v1_0_4_counter_164
INFO: [VRFC 10-311] analyzing module kria_top_axi_smc_0_sc_util_v1_0_4_counter_166
INFO: [VRFC 10-311] analyzing module kria_top_axi_smc_0_sc_util_v1_0_4_counter_167
INFO: [VRFC 10-311] analyzing module kria_top_axi_smc_0_sc_util_v1_0_4_counter_19
INFO: [VRFC 10-311] analyzing module kria_top_axi_smc_0_sc_util_v1_0_4_counter_195
INFO: [VRFC 10-311] analyzing module kria_top_axi_smc_0_sc_util_v1_0_4_counter_196
INFO: [VRFC 10-311] analyzing module kria_top_axi_smc_0_sc_util_v1_0_4_counter_198
INFO: [VRFC 10-311] analyzing module kria_top_axi_smc_0_sc_util_v1_0_4_counter_199
INFO: [VRFC 10-311] analyzing module kria_top_axi_smc_0_sc_util_v1_0_4_counter_2
INFO: [VRFC 10-311] analyzing module kria_top_axi_smc_0_sc_util_v1_0_4_counter_20
INFO: [VRFC 10-311] analyzing module kria_top_axi_smc_0_sc_util_v1_0_4_counter_203
INFO: [VRFC 10-311] analyzing module kria_top_axi_smc_0_sc_util_v1_0_4_counter_204
INFO: [VRFC 10-311] analyzing module kria_top_axi_smc_0_sc_util_v1_0_4_counter_206
INFO: [VRFC 10-311] analyzing module kria_top_axi_smc_0_sc_util_v1_0_4_counter_207
INFO: [VRFC 10-311] analyzing module kria_top_axi_smc_0_sc_util_v1_0_4_counter_211
INFO: [VRFC 10-311] analyzing module kria_top_axi_smc_0_sc_util_v1_0_4_counter_212
INFO: [VRFC 10-311] analyzing module kria_top_axi_smc_0_sc_util_v1_0_4_counter_214
INFO: [VRFC 10-311] analyzing module kria_top_axi_smc_0_sc_util_v1_0_4_counter_215
INFO: [VRFC 10-311] analyzing module kria_top_axi_smc_0_sc_util_v1_0_4_counter_219
INFO: [VRFC 10-311] analyzing module kria_top_axi_smc_0_sc_util_v1_0_4_counter_22
INFO: [VRFC 10-311] analyzing module kria_top_axi_smc_0_sc_util_v1_0_4_counter_220
INFO: [VRFC 10-311] analyzing module kria_top_axi_smc_0_sc_util_v1_0_4_counter_222
INFO: [VRFC 10-311] analyzing module kria_top_axi_smc_0_sc_util_v1_0_4_counter_223
INFO: [VRFC 10-311] analyzing module kria_top_axi_smc_0_sc_util_v1_0_4_counter_227
INFO: [VRFC 10-311] analyzing module kria_top_axi_smc_0_sc_util_v1_0_4_counter_228
INFO: [VRFC 10-311] analyzing module kria_top_axi_smc_0_sc_util_v1_0_4_counter_23
INFO: [VRFC 10-311] analyzing module kria_top_axi_smc_0_sc_util_v1_0_4_counter_230
INFO: [VRFC 10-311] analyzing module kria_top_axi_smc_0_sc_util_v1_0_4_counter_231
INFO: [VRFC 10-311] analyzing module kria_top_axi_smc_0_sc_util_v1_0_4_counter_26
INFO: [VRFC 10-311] analyzing module kria_top_axi_smc_0_sc_util_v1_0_4_counter_27
INFO: [VRFC 10-311] analyzing module kria_top_axi_smc_0_sc_util_v1_0_4_counter_29
INFO: [VRFC 10-311] analyzing module kria_top_axi_smc_0_sc_util_v1_0_4_counter_3
INFO: [VRFC 10-311] analyzing module kria_top_axi_smc_0_sc_util_v1_0_4_counter_30
INFO: [VRFC 10-311] analyzing module kria_top_axi_smc_0_sc_util_v1_0_4_counter_33
INFO: [VRFC 10-311] analyzing module kria_top_axi_smc_0_sc_util_v1_0_4_counter_34
INFO: [VRFC 10-311] analyzing module kria_top_axi_smc_0_sc_util_v1_0_4_counter_36
INFO: [VRFC 10-311] analyzing module kria_top_axi_smc_0_sc_util_v1_0_4_counter_37
INFO: [VRFC 10-311] analyzing module kria_top_axi_smc_0_sc_util_v1_0_4_counter_66
INFO: [VRFC 10-311] analyzing module kria_top_axi_smc_0_sc_util_v1_0_4_counter_67
INFO: [VRFC 10-311] analyzing module kria_top_axi_smc_0_sc_util_v1_0_4_counter_69
INFO: [VRFC 10-311] analyzing module kria_top_axi_smc_0_sc_util_v1_0_4_counter_7
INFO: [VRFC 10-311] analyzing module kria_top_axi_smc_0_sc_util_v1_0_4_counter_70
INFO: [VRFC 10-311] analyzing module kria_top_axi_smc_0_sc_util_v1_0_4_counter_73
INFO: [VRFC 10-311] analyzing module kria_top_axi_smc_0_sc_util_v1_0_4_counter_74
INFO: [VRFC 10-311] analyzing module kria_top_axi_smc_0_sc_util_v1_0_4_counter_76
INFO: [VRFC 10-311] analyzing module kria_top_axi_smc_0_sc_util_v1_0_4_counter_77
INFO: [VRFC 10-311] analyzing module kria_top_axi_smc_0_sc_util_v1_0_4_counter_8
INFO: [VRFC 10-311] analyzing module kria_top_axi_smc_0_sc_util_v1_0_4_counter_80
INFO: [VRFC 10-311] analyzing module kria_top_axi_smc_0_sc_util_v1_0_4_counter_81
INFO: [VRFC 10-311] analyzing module kria_top_axi_smc_0_sc_util_v1_0_4_counter_83
INFO: [VRFC 10-311] analyzing module kria_top_axi_smc_0_sc_util_v1_0_4_counter_84
INFO: [VRFC 10-311] analyzing module kria_top_axi_smc_0_sc_util_v1_0_4_counter_88
INFO: [VRFC 10-311] analyzing module kria_top_axi_smc_0_sc_util_v1_0_4_counter_89
INFO: [VRFC 10-311] analyzing module kria_top_axi_smc_0_sc_util_v1_0_4_counter_91
INFO: [VRFC 10-311] analyzing module kria_top_axi_smc_0_sc_util_v1_0_4_counter_92
INFO: [VRFC 10-311] analyzing module kria_top_axi_smc_0_sc_util_v1_0_4_counter_96
INFO: [VRFC 10-311] analyzing module kria_top_axi_smc_0_sc_util_v1_0_4_counter_97
INFO: [VRFC 10-311] analyzing module kria_top_axi_smc_0_sc_util_v1_0_4_counter_99
INFO: [VRFC 10-311] analyzing module kria_top_axi_smc_0_sc_util_v1_0_4_counter__parameterized0
INFO: [VRFC 10-311] analyzing module kria_top_axi_smc_0_sc_util_v1_0_4_counter__parameterized0_101
INFO: [VRFC 10-311] analyzing module kria_top_axi_smc_0_sc_util_v1_0_4_counter__parameterized0_12
INFO: [VRFC 10-311] analyzing module kria_top_axi_smc_0_sc_util_v1_0_4_counter__parameterized0_129
INFO: [VRFC 10-311] analyzing module kria_top_axi_smc_0_sc_util_v1_0_4_counter__parameterized0_132
INFO: [VRFC 10-311] analyzing module kria_top_axi_smc_0_sc_util_v1_0_4_counter__parameterized0_139
INFO: [VRFC 10-311] analyzing module kria_top_axi_smc_0_sc_util_v1_0_4_counter__parameterized0_142
INFO: [VRFC 10-311] analyzing module kria_top_axi_smc_0_sc_util_v1_0_4_counter__parameterized0_147
INFO: [VRFC 10-311] analyzing module kria_top_axi_smc_0_sc_util_v1_0_4_counter__parameterized0_150
INFO: [VRFC 10-311] analyzing module kria_top_axi_smc_0_sc_util_v1_0_4_counter__parameterized0_156
INFO: [VRFC 10-311] analyzing module kria_top_axi_smc_0_sc_util_v1_0_4_counter__parameterized0_159
INFO: [VRFC 10-311] analyzing module kria_top_axi_smc_0_sc_util_v1_0_4_counter__parameterized0_165
INFO: [VRFC 10-311] analyzing module kria_top_axi_smc_0_sc_util_v1_0_4_counter__parameterized0_168
INFO: [VRFC 10-311] analyzing module kria_top_axi_smc_0_sc_util_v1_0_4_counter__parameterized0_197
INFO: [VRFC 10-311] analyzing module kria_top_axi_smc_0_sc_util_v1_0_4_counter__parameterized0_200
INFO: [VRFC 10-311] analyzing module kria_top_axi_smc_0_sc_util_v1_0_4_counter__parameterized0_205
INFO: [VRFC 10-311] analyzing module kria_top_axi_smc_0_sc_util_v1_0_4_counter__parameterized0_208
INFO: [VRFC 10-311] analyzing module kria_top_axi_smc_0_sc_util_v1_0_4_counter__parameterized0_21
INFO: [VRFC 10-311] analyzing module kria_top_axi_smc_0_sc_util_v1_0_4_counter__parameterized0_213
INFO: [VRFC 10-311] analyzing module kria_top_axi_smc_0_sc_util_v1_0_4_counter__parameterized0_216
INFO: [VRFC 10-311] analyzing module kria_top_axi_smc_0_sc_util_v1_0_4_counter__parameterized0_221
INFO: [VRFC 10-311] analyzing module kria_top_axi_smc_0_sc_util_v1_0_4_counter__parameterized0_224
INFO: [VRFC 10-311] analyzing module kria_top_axi_smc_0_sc_util_v1_0_4_counter__parameterized0_229
INFO: [VRFC 10-311] analyzing module kria_top_axi_smc_0_sc_util_v1_0_4_counter__parameterized0_232
INFO: [VRFC 10-311] analyzing module kria_top_axi_smc_0_sc_util_v1_0_4_counter__parameterized0_24
INFO: [VRFC 10-311] analyzing module kria_top_axi_smc_0_sc_util_v1_0_4_counter__parameterized0_28
INFO: [VRFC 10-311] analyzing module kria_top_axi_smc_0_sc_util_v1_0_4_counter__parameterized0_31
INFO: [VRFC 10-311] analyzing module kria_top_axi_smc_0_sc_util_v1_0_4_counter__parameterized0_35
INFO: [VRFC 10-311] analyzing module kria_top_axi_smc_0_sc_util_v1_0_4_counter__parameterized0_38
INFO: [VRFC 10-311] analyzing module kria_top_axi_smc_0_sc_util_v1_0_4_counter__parameterized0_4
INFO: [VRFC 10-311] analyzing module kria_top_axi_smc_0_sc_util_v1_0_4_counter__parameterized0_68
INFO: [VRFC 10-311] analyzing module kria_top_axi_smc_0_sc_util_v1_0_4_counter__parameterized0_71
INFO: [VRFC 10-311] analyzing module kria_top_axi_smc_0_sc_util_v1_0_4_counter__parameterized0_75
INFO: [VRFC 10-311] analyzing module kria_top_axi_smc_0_sc_util_v1_0_4_counter__parameterized0_78
INFO: [VRFC 10-311] analyzing module kria_top_axi_smc_0_sc_util_v1_0_4_counter__parameterized0_82
INFO: [VRFC 10-311] analyzing module kria_top_axi_smc_0_sc_util_v1_0_4_counter__parameterized0_85
INFO: [VRFC 10-311] analyzing module kria_top_axi_smc_0_sc_util_v1_0_4_counter__parameterized0_9
INFO: [VRFC 10-311] analyzing module kria_top_axi_smc_0_sc_util_v1_0_4_counter__parameterized0_90
INFO: [VRFC 10-311] analyzing module kria_top_axi_smc_0_sc_util_v1_0_4_counter__parameterized0_93
INFO: [VRFC 10-311] analyzing module kria_top_axi_smc_0_sc_util_v1_0_4_counter__parameterized0_98
INFO: [VRFC 10-311] analyzing module kria_top_axi_smc_0_sc_util_v1_0_4_counter__parameterized2
INFO: [VRFC 10-311] analyzing module kria_top_axi_smc_0_sc_util_v1_0_4_counter__parameterized2_14
INFO: [VRFC 10-311] analyzing module kria_top_axi_smc_0_sc_util_v1_0_4_counter__parameterized2_15
INFO: [VRFC 10-311] analyzing module kria_top_axi_smc_0_sc_util_v1_0_4_counter__parameterized2_16
INFO: [VRFC 10-311] analyzing module kria_top_axi_smc_0_sc_util_v1_0_4_counter__parameterized2_5
INFO: [VRFC 10-311] analyzing module kria_top_axi_smc_0_sc_util_v1_0_4_counter__parameterized2_6
INFO: [VRFC 10-311] analyzing module kria_top_axi_smc_0_sc_util_v1_0_4_mux__parameterized0
INFO: [VRFC 10-311] analyzing module kria_top_axi_smc_0_sc_util_v1_0_4_mux__parameterized1
INFO: [VRFC 10-311] analyzing module kria_top_axi_smc_0_sc_util_v1_0_4_pipeline__parameterized10
INFO: [VRFC 10-311] analyzing module kria_top_axi_smc_0_sc_util_v1_0_4_pipeline__parameterized10_0
INFO: [VRFC 10-311] analyzing module kria_top_axi_smc_0_sc_util_v1_0_4_pipeline__parameterized12
INFO: [VRFC 10-311] analyzing module kria_top_axi_smc_0_sc_util_v1_0_4_pipeline__parameterized13
INFO: [VRFC 10-311] analyzing module kria_top_axi_smc_0_sc_util_v1_0_4_pipeline__parameterized14
INFO: [VRFC 10-311] analyzing module kria_top_axi_smc_0_sc_util_v1_0_4_pipeline__parameterized2
INFO: [VRFC 10-311] analyzing module kria_top_axi_smc_0_sc_util_v1_0_4_pipeline__parameterized2_126
INFO: [VRFC 10-311] analyzing module kria_top_axi_smc_0_sc_util_v1_0_4_pipeline__parameterized2_153
INFO: [VRFC 10-311] analyzing module kria_top_axi_smc_0_sc_util_v1_0_4_pipeline__parameterized2_162
INFO: [VRFC 10-311] analyzing module kria_top_axi_smc_0_sc_util_v1_0_4_pipeline__parameterized2_18
INFO: [VRFC 10-311] analyzing module kria_top_axi_smc_0_sc_util_v1_0_4_pipeline__parameterized2_194
INFO: [VRFC 10-311] analyzing module kria_top_axi_smc_0_sc_util_v1_0_4_pipeline__parameterized2_218
INFO: [VRFC 10-311] analyzing module kria_top_axi_smc_0_sc_util_v1_0_4_pipeline__parameterized2_226
INFO: [VRFC 10-311] analyzing module kria_top_axi_smc_0_sc_util_v1_0_4_pipeline__parameterized2_65
INFO: [VRFC 10-311] analyzing module kria_top_axi_smc_0_sc_util_v1_0_4_pipeline__parameterized2_87
INFO: [VRFC 10-311] analyzing module kria_top_axi_smc_0_sc_util_v1_0_4_pipeline__parameterized2_95
INFO: [VRFC 10-311] analyzing module kria_top_axi_smc_0_sc_util_v1_0_4_pipeline__parameterized8
INFO: [VRFC 10-311] analyzing module kria_top_axi_smc_0_sc_util_v1_0_4_pipeline__parameterized8_17
INFO: [VRFC 10-311] analyzing module kria_top_axi_smc_0_sc_util_v1_0_4_pipeline__parameterized9
INFO: [VRFC 10-311] analyzing module kria_top_axi_smc_0_sc_util_v1_0_4_srl_rtl
INFO: [VRFC 10-311] analyzing module kria_top_axi_smc_0_sc_util_v1_0_4_srl_rtl_107
INFO: [VRFC 10-311] analyzing module kria_top_axi_smc_0_sc_util_v1_0_4_srl_rtl_108
INFO: [VRFC 10-311] analyzing module kria_top_axi_smc_0_sc_util_v1_0_4_srl_rtl_109
INFO: [VRFC 10-311] analyzing module kria_top_axi_smc_0_sc_util_v1_0_4_srl_rtl_110
INFO: [VRFC 10-311] analyzing module kria_top_axi_smc_0_sc_util_v1_0_4_srl_rtl_111
INFO: [VRFC 10-311] analyzing module kria_top_axi_smc_0_sc_util_v1_0_4_srl_rtl_112
INFO: [VRFC 10-311] analyzing module kria_top_axi_smc_0_sc_util_v1_0_4_srl_rtl_113
INFO: [VRFC 10-311] analyzing module kria_top_axi_smc_0_sc_util_v1_0_4_srl_rtl_114
INFO: [VRFC 10-311] analyzing module kria_top_axi_smc_0_sc_util_v1_0_4_srl_rtl_115
INFO: [VRFC 10-311] analyzing module kria_top_axi_smc_0_sc_util_v1_0_4_srl_rtl_116
INFO: [VRFC 10-311] analyzing module kria_top_axi_smc_0_sc_util_v1_0_4_srl_rtl_117
INFO: [VRFC 10-311] analyzing module kria_top_axi_smc_0_sc_util_v1_0_4_srl_rtl_118
INFO: [VRFC 10-311] analyzing module kria_top_axi_smc_0_sc_util_v1_0_4_srl_rtl_119
INFO: [VRFC 10-311] analyzing module kria_top_axi_smc_0_sc_util_v1_0_4_srl_rtl_120
INFO: [VRFC 10-311] analyzing module kria_top_axi_smc_0_sc_util_v1_0_4_srl_rtl_121
INFO: [VRFC 10-311] analyzing module kria_top_axi_smc_0_sc_util_v1_0_4_srl_rtl_122
INFO: [VRFC 10-311] analyzing module kria_top_axi_smc_0_sc_util_v1_0_4_srl_rtl_177
INFO: [VRFC 10-311] analyzing module kria_top_axi_smc_0_sc_util_v1_0_4_srl_rtl_178
INFO: [VRFC 10-311] analyzing module kria_top_axi_smc_0_sc_util_v1_0_4_srl_rtl_179
INFO: [VRFC 10-311] analyzing module kria_top_axi_smc_0_sc_util_v1_0_4_srl_rtl_180
INFO: [VRFC 10-311] analyzing module kria_top_axi_smc_0_sc_util_v1_0_4_srl_rtl_181
INFO: [VRFC 10-311] analyzing module kria_top_axi_smc_0_sc_util_v1_0_4_srl_rtl_182
INFO: [VRFC 10-311] analyzing module kria_top_axi_smc_0_sc_util_v1_0_4_srl_rtl_183
INFO: [VRFC 10-311] analyzing module kria_top_axi_smc_0_sc_util_v1_0_4_srl_rtl_184
INFO: [VRFC 10-311] analyzing module kria_top_axi_smc_0_sc_util_v1_0_4_srl_rtl_185
INFO: [VRFC 10-311] analyzing module kria_top_axi_smc_0_sc_util_v1_0_4_srl_rtl_186
INFO: [VRFC 10-311] analyzing module kria_top_axi_smc_0_sc_util_v1_0_4_srl_rtl_187
INFO: [VRFC 10-311] analyzing module kria_top_axi_smc_0_sc_util_v1_0_4_srl_rtl_188
INFO: [VRFC 10-311] analyzing module kria_top_axi_smc_0_sc_util_v1_0_4_srl_rtl_189
INFO: [VRFC 10-311] analyzing module kria_top_axi_smc_0_sc_util_v1_0_4_srl_rtl_190
INFO: [VRFC 10-311] analyzing module kria_top_axi_smc_0_sc_util_v1_0_4_srl_rtl_191
INFO: [VRFC 10-311] analyzing module kria_top_axi_smc_0_sc_util_v1_0_4_srl_rtl_192
INFO: [VRFC 10-311] analyzing module kria_top_axi_smc_0_sc_util_v1_0_4_srl_rtl_240
INFO: [VRFC 10-311] analyzing module kria_top_axi_smc_0_sc_util_v1_0_4_srl_rtl_241
INFO: [VRFC 10-311] analyzing module kria_top_axi_smc_0_sc_util_v1_0_4_srl_rtl_242
INFO: [VRFC 10-311] analyzing module kria_top_axi_smc_0_sc_util_v1_0_4_srl_rtl_243
INFO: [VRFC 10-311] analyzing module kria_top_axi_smc_0_sc_util_v1_0_4_srl_rtl_244
INFO: [VRFC 10-311] analyzing module kria_top_axi_smc_0_sc_util_v1_0_4_srl_rtl_245
INFO: [VRFC 10-311] analyzing module kria_top_axi_smc_0_sc_util_v1_0_4_srl_rtl_246
INFO: [VRFC 10-311] analyzing module kria_top_axi_smc_0_sc_util_v1_0_4_srl_rtl_247
INFO: [VRFC 10-311] analyzing module kria_top_axi_smc_0_sc_util_v1_0_4_srl_rtl_248
INFO: [VRFC 10-311] analyzing module kria_top_axi_smc_0_sc_util_v1_0_4_srl_rtl_249
INFO: [VRFC 10-311] analyzing module kria_top_axi_smc_0_sc_util_v1_0_4_srl_rtl_250
INFO: [VRFC 10-311] analyzing module kria_top_axi_smc_0_sc_util_v1_0_4_srl_rtl_251
INFO: [VRFC 10-311] analyzing module kria_top_axi_smc_0_sc_util_v1_0_4_srl_rtl_252
INFO: [VRFC 10-311] analyzing module kria_top_axi_smc_0_sc_util_v1_0_4_srl_rtl_253
INFO: [VRFC 10-311] analyzing module kria_top_axi_smc_0_sc_util_v1_0_4_srl_rtl_254
INFO: [VRFC 10-311] analyzing module kria_top_axi_smc_0_sc_util_v1_0_4_srl_rtl_255
INFO: [VRFC 10-311] analyzing module kria_top_axi_smc_0_sc_util_v1_0_4_srl_rtl_41
INFO: [VRFC 10-311] analyzing module kria_top_axi_smc_0_sc_util_v1_0_4_srl_rtl_42
INFO: [VRFC 10-311] analyzing module kria_top_axi_smc_0_sc_util_v1_0_4_srl_rtl_43
INFO: [VRFC 10-311] analyzing module kria_top_axi_smc_0_sc_util_v1_0_4_srl_rtl_44
INFO: [VRFC 10-311] analyzing module kria_top_axi_smc_0_sc_util_v1_0_4_srl_rtl_45
INFO: [VRFC 10-311] analyzing module kria_top_axi_smc_0_sc_util_v1_0_4_srl_rtl_46
INFO: [VRFC 10-311] analyzing module kria_top_axi_smc_0_sc_util_v1_0_4_srl_rtl_47
INFO: [VRFC 10-311] analyzing module kria_top_axi_smc_0_sc_util_v1_0_4_srl_rtl_48
INFO: [VRFC 10-311] analyzing module kria_top_axi_smc_0_sc_util_v1_0_4_srl_rtl_49
INFO: [VRFC 10-311] analyzing module kria_top_axi_smc_0_sc_util_v1_0_4_srl_rtl_50
INFO: [VRFC 10-311] analyzing module kria_top_axi_smc_0_sc_util_v1_0_4_srl_rtl_51
INFO: [VRFC 10-311] analyzing module kria_top_axi_smc_0_sc_util_v1_0_4_srl_rtl_52
INFO: [VRFC 10-311] analyzing module kria_top_axi_smc_0_sc_util_v1_0_4_srl_rtl_53
INFO: [VRFC 10-311] analyzing module kria_top_axi_smc_0_sc_util_v1_0_4_srl_rtl_61
INFO: [VRFC 10-311] analyzing module kria_top_axi_smc_0_sc_util_v1_0_4_srl_rtl_62
INFO: [VRFC 10-311] analyzing module kria_top_axi_smc_0_sc_util_v1_0_4_srl_rtl_63
INFO: [VRFC 10-311] analyzing module kria_top_axi_smc_0_sc_util_v1_0_4_xpm_memory_fifo
INFO: [VRFC 10-311] analyzing module kria_top_axi_smc_0_sc_util_v1_0_4_xpm_memory_fifo__parameterized0
INFO: [VRFC 10-311] analyzing module kria_top_axi_smc_0_sc_util_v1_0_4_xpm_memory_fifo__parameterized0__xdcDup__1
INFO: [VRFC 10-311] analyzing module kria_top_axi_smc_0_sc_util_v1_0_4_xpm_memory_fifo__parameterized0__xdcDup__2
INFO: [VRFC 10-311] analyzing module kria_top_axi_smc_0_sc_util_v1_0_4_xpm_memory_fifo__parameterized0__xdcDup__3
INFO: [VRFC 10-311] analyzing module kria_top_axi_smc_0_sc_util_v1_0_4_xpm_memory_fifo__parameterized0__xdcDup__4
INFO: [VRFC 10-311] analyzing module kria_top_axi_smc_0_sc_util_v1_0_4_xpm_memory_fifo__parameterized0__xdcDup__5
INFO: [VRFC 10-311] analyzing module kria_top_axi_smc_0_sc_util_v1_0_4_xpm_memory_fifo__parameterized1
INFO: [VRFC 10-311] analyzing module kria_top_axi_smc_0_sc_util_v1_0_4_xpm_memory_fifo__parameterized10
INFO: [VRFC 10-311] analyzing module kria_top_axi_smc_0_sc_util_v1_0_4_xpm_memory_fifo__parameterized11
INFO: [VRFC 10-311] analyzing module kria_top_axi_smc_0_sc_util_v1_0_4_xpm_memory_fifo__parameterized12
INFO: [VRFC 10-311] analyzing module kria_top_axi_smc_0_sc_util_v1_0_4_xpm_memory_fifo__parameterized13
INFO: [VRFC 10-311] analyzing module kria_top_axi_smc_0_sc_util_v1_0_4_xpm_memory_fifo__parameterized1__xdcDup__1
INFO: [VRFC 10-311] analyzing module kria_top_axi_smc_0_sc_util_v1_0_4_xpm_memory_fifo__parameterized1__xdcDup__2
INFO: [VRFC 10-311] analyzing module kria_top_axi_smc_0_sc_util_v1_0_4_xpm_memory_fifo__parameterized1__xdcDup__3
INFO: [VRFC 10-311] analyzing module kria_top_axi_smc_0_sc_util_v1_0_4_xpm_memory_fifo__parameterized2
INFO: [VRFC 10-311] analyzing module kria_top_axi_smc_0_sc_util_v1_0_4_xpm_memory_fifo__parameterized2__xdcDup__1
INFO: [VRFC 10-311] analyzing module kria_top_axi_smc_0_sc_util_v1_0_4_xpm_memory_fifo__parameterized2__xdcDup__2
INFO: [VRFC 10-311] analyzing module kria_top_axi_smc_0_sc_util_v1_0_4_xpm_memory_fifo__parameterized3
INFO: [VRFC 10-311] analyzing module kria_top_axi_smc_0_sc_util_v1_0_4_xpm_memory_fifo__parameterized4
INFO: [VRFC 10-311] analyzing module kria_top_axi_smc_0_sc_util_v1_0_4_xpm_memory_fifo__parameterized5
INFO: [VRFC 10-311] analyzing module kria_top_axi_smc_0_sc_util_v1_0_4_xpm_memory_fifo__parameterized5__xdcDup__1
INFO: [VRFC 10-311] analyzing module kria_top_axi_smc_0_sc_util_v1_0_4_xpm_memory_fifo__parameterized6
INFO: [VRFC 10-311] analyzing module kria_top_axi_smc_0_sc_util_v1_0_4_xpm_memory_fifo__parameterized6__xdcDup__1
INFO: [VRFC 10-311] analyzing module kria_top_axi_smc_0_sc_util_v1_0_4_xpm_memory_fifo__parameterized7
INFO: [VRFC 10-311] analyzing module kria_top_axi_smc_0_sc_util_v1_0_4_xpm_memory_fifo__parameterized7__xdcDup__1
INFO: [VRFC 10-311] analyzing module kria_top_axi_smc_0_sc_util_v1_0_4_xpm_memory_fifo__parameterized8
INFO: [VRFC 10-311] analyzing module kria_top_axi_smc_0_sc_util_v1_0_4_xpm_memory_fifo__parameterized8__xdcDup__1
INFO: [VRFC 10-311] analyzing module kria_top_axi_smc_0_sc_util_v1_0_4_xpm_memory_fifo__parameterized9
INFO: [VRFC 10-311] analyzing module kria_top_axi_smc_0_sc_util_v1_0_4_xpm_memory_fifo__parameterized9__xdcDup__1
INFO: [VRFC 10-311] analyzing module kria_top_axi_smc_0_sc_util_v1_0_4_xpm_memory_fifo__xdcDup__1
INFO: [VRFC 10-311] analyzing module kria_top_axi_smc_0_sc_util_v1_0_4_xpm_memory_fifo__xdcDup__10
INFO: [VRFC 10-311] analyzing module kria_top_axi_smc_0_sc_util_v1_0_4_xpm_memory_fifo__xdcDup__2
INFO: [VRFC 10-311] analyzing module kria_top_axi_smc_0_sc_util_v1_0_4_xpm_memory_fifo__xdcDup__3
INFO: [VRFC 10-311] analyzing module kria_top_axi_smc_0_sc_util_v1_0_4_xpm_memory_fifo__xdcDup__4
INFO: [VRFC 10-311] analyzing module kria_top_axi_smc_0_sc_util_v1_0_4_xpm_memory_fifo__xdcDup__5
INFO: [VRFC 10-311] analyzing module kria_top_axi_smc_0_sc_util_v1_0_4_xpm_memory_fifo__xdcDup__6
INFO: [VRFC 10-311] analyzing module kria_top_axi_smc_0_sc_util_v1_0_4_xpm_memory_fifo__xdcDup__7
INFO: [VRFC 10-311] analyzing module kria_top_axi_smc_0_sc_util_v1_0_4_xpm_memory_fifo__xdcDup__8
INFO: [VRFC 10-311] analyzing module kria_top_axi_smc_0_sc_util_v1_0_4_xpm_memory_fifo__xdcDup__9
INFO: [VRFC 10-311] analyzing module accum_32_c_accum_v12_0_15
INFO: [VRFC 10-311] analyzing module accum_32_c_accum_v12_0_15_HD4
INFO: [VRFC 10-311] analyzing module accum_32_c_accum_v12_0_15_viv
INFO: [VRFC 10-311] analyzing module accum_32_c_accum_v12_0_15_viv_HD5
INFO: [VRFC 10-311] analyzing module accum_32_xbip_accum_v3_0_6_viv
INFO: [VRFC 10-311] analyzing module accum_32_xbip_accum_v3_0_6_viv_HD6
INFO: [VRFC 10-311] analyzing module accum_32_xbip_dsp48_acc_synth
INFO: [VRFC 10-311] analyzing module accum_32_xbip_dsp48_acc_synth_HD8
INFO: [VRFC 10-311] analyzing module accum_32_xbip_dsp48_acc_v3_0_6_viv
INFO: [VRFC 10-311] analyzing module accum_32_xbip_dsp48_acc_v3_0_6_viv_HD7
INFO: [VRFC 10-311] analyzing module accum_32_xbip_dsp48e_wrapper_v3_0
INFO: [VRFC 10-311] analyzing module accum_32_xbip_dsp48e_wrapper_v3_0_HD9
INFO: [VRFC 10-311] analyzing module convert_32_carry_chain_lib_work_genblk1[0].conv_inst
INFO: [VRFC 10-311] analyzing module convert_32_carry_chain_lib_work_genblk1[1].conv_inst
INFO: [VRFC 10-311] analyzing module convert_32_carry_chain_lib_work_genblk1[2].conv_inst
INFO: [VRFC 10-311] analyzing module convert_32_carry_chain_lib_work_genblk1[3].conv_inst
INFO: [VRFC 10-311] analyzing module convert_32_carry_chain__parameterized0_lib_work_genblk1[0].conv_inst
INFO: [VRFC 10-311] analyzing module convert_32_carry_chain__parameterized0_lib_work_genblk1[1].conv_inst
INFO: [VRFC 10-311] analyzing module convert_32_carry_chain__parameterized0_lib_work_genblk1[2].conv_inst
INFO: [VRFC 10-311] analyzing module convert_32_carry_chain__parameterized0_lib_work_genblk1[3].conv_inst
INFO: [VRFC 10-311] analyzing module convert_32_carry_chain__parameterized0_0_lib_work_genblk1[0].conv_inst
INFO: [VRFC 10-311] analyzing module convert_32_carry_chain__parameterized0_0_lib_work_genblk1[1].conv_inst
INFO: [VRFC 10-311] analyzing module convert_32_carry_chain__parameterized0_0_lib_work_genblk1[2].conv_inst
INFO: [VRFC 10-311] analyzing module convert_32_carry_chain__parameterized0_0_lib_work_genblk1[3].conv_inst
INFO: [VRFC 10-311] analyzing module convert_32_carry_chain__parameterized1_lib_work_genblk1[0].conv_inst
INFO: [VRFC 10-311] analyzing module convert_32_carry_chain__parameterized1_lib_work_genblk1[1].conv_inst
INFO: [VRFC 10-311] analyzing module convert_32_carry_chain__parameterized1_lib_work_genblk1[2].conv_inst
INFO: [VRFC 10-311] analyzing module convert_32_carry_chain__parameterized1_lib_work_genblk1[3].conv_inst
INFO: [VRFC 10-311] analyzing module convert_32_carry_chain__parameterized2_lib_work_genblk1[0].conv_inst
INFO: [VRFC 10-311] analyzing module convert_32_carry_chain__parameterized2_lib_work_genblk1[1].conv_inst
INFO: [VRFC 10-311] analyzing module convert_32_carry_chain__parameterized2_lib_work_genblk1[2].conv_inst
INFO: [VRFC 10-311] analyzing module convert_32_carry_chain__parameterized2_lib_work_genblk1[3].conv_inst
INFO: [VRFC 10-311] analyzing module convert_32_carry_chain__parameterized3_lib_work_genblk1[0].conv_inst
INFO: [VRFC 10-311] analyzing module convert_32_carry_chain__parameterized3_lib_work_genblk1[1].conv_inst
INFO: [VRFC 10-311] analyzing module convert_32_carry_chain__parameterized3_lib_work_genblk1[2].conv_inst
INFO: [VRFC 10-311] analyzing module convert_32_carry_chain__parameterized3_lib_work_genblk1[3].conv_inst
INFO: [VRFC 10-311] analyzing module convert_32_fix_to_flt_conv_lib_work_genblk1[0].conv_inst
INFO: [VRFC 10-311] analyzing module convert_32_fix_to_flt_conv_lib_work_genblk1[1].conv_inst
INFO: [VRFC 10-311] analyzing module convert_32_fix_to_flt_conv_lib_work_genblk1[2].conv_inst
INFO: [VRFC 10-311] analyzing module convert_32_fix_to_flt_conv_lib_work_genblk1[3].conv_inst
INFO: [VRFC 10-311] analyzing module convert_32_floating_point_v7_1_15_lib_work_genblk1[0].conv_inst
INFO: [VRFC 10-311] analyzing module convert_32_floating_point_v7_1_15_lib_work_genblk1[1].conv_inst
INFO: [VRFC 10-311] analyzing module convert_32_floating_point_v7_1_15_lib_work_genblk1[2].conv_inst
INFO: [VRFC 10-311] analyzing module convert_32_floating_point_v7_1_15_lib_work_genblk1[3].conv_inst
INFO: [VRFC 10-311] analyzing module convert_32_floating_point_v7_1_15_viv_lib_work_genblk1[0].conv_inst
INFO: [VRFC 10-311] analyzing module convert_32_floating_point_v7_1_15_viv_lib_work_genblk1[1].conv_inst
INFO: [VRFC 10-311] analyzing module convert_32_floating_point_v7_1_15_viv_lib_work_genblk1[2].conv_inst
INFO: [VRFC 10-311] analyzing module convert_32_floating_point_v7_1_15_viv_lib_work_genblk1[3].conv_inst
INFO: [VRFC 10-311] analyzing module convert_32_flt_dec_op_lib_work_genblk1[0].conv_inst
INFO: [VRFC 10-311] analyzing module convert_32_flt_dec_op_lib_work_genblk1[1].conv_inst
INFO: [VRFC 10-311] analyzing module convert_32_flt_dec_op_lib_work_genblk1[2].conv_inst
INFO: [VRFC 10-311] analyzing module convert_32_flt_dec_op_lib_work_genblk1[3].conv_inst
INFO: [VRFC 10-311] analyzing module convert_32_flt_round_bit_lib_work_genblk1[0].conv_inst
INFO: [VRFC 10-311] analyzing module convert_32_flt_round_bit_lib_work_genblk1[1].conv_inst
INFO: [VRFC 10-311] analyzing module convert_32_flt_round_bit_lib_work_genblk1[2].conv_inst
INFO: [VRFC 10-311] analyzing module convert_32_flt_round_bit_lib_work_genblk1[3].conv_inst
INFO: [VRFC 10-311] analyzing module convert_32_lead_zero_encode_lib_work_genblk1[0].conv_inst
INFO: [VRFC 10-311] analyzing module convert_32_lead_zero_encode_lib_work_genblk1[1].conv_inst
INFO: [VRFC 10-311] analyzing module convert_32_lead_zero_encode_lib_work_genblk1[2].conv_inst
INFO: [VRFC 10-311] analyzing module convert_32_lead_zero_encode_lib_work_genblk1[3].conv_inst
INFO: [VRFC 10-311] analyzing module convert_32_norm_zero_det_lib_work_genblk1[0].conv_inst
INFO: [VRFC 10-311] analyzing module convert_32_norm_zero_det_lib_work_genblk1[1].conv_inst
INFO: [VRFC 10-311] analyzing module convert_32_norm_zero_det_lib_work_genblk1[2].conv_inst
INFO: [VRFC 10-311] analyzing module convert_32_norm_zero_det_lib_work_genblk1[3].conv_inst
INFO: [VRFC 10-311] analyzing module convert_32_renorm_and_round_logic_lib_work_genblk1[0].conv_inst
INFO: [VRFC 10-311] analyzing module convert_32_renorm_and_round_logic_lib_work_genblk1[1].conv_inst
INFO: [VRFC 10-311] analyzing module convert_32_renorm_and_round_logic_lib_work_genblk1[2].conv_inst
INFO: [VRFC 10-311] analyzing module convert_32_renorm_and_round_logic_lib_work_genblk1[3].conv_inst
INFO: [VRFC 10-311] analyzing module kria_top_auto_ds_0_dmem
INFO: [VRFC 10-311] analyzing module kria_top_auto_ds_0_dmem__parameterized0
INFO: [VRFC 10-311] analyzing module kria_top_auto_ds_0_dmem__parameterized0_10
INFO: [VRFC 10-311] analyzing module kria_top_auto_ds_0_fifo_generator_ramfifo
INFO: [VRFC 10-311] analyzing module kria_top_auto_ds_0_fifo_generator_ramfifo__parameterized0
INFO: [VRFC 10-311] analyzing module kria_top_auto_ds_0_fifo_generator_ramfifo__parameterized0__xdcDup__1
INFO: [VRFC 10-311] analyzing module kria_top_auto_ds_0_fifo_generator_top
INFO: [VRFC 10-311] analyzing module kria_top_auto_ds_0_fifo_generator_top__parameterized0
INFO: [VRFC 10-311] analyzing module kria_top_auto_ds_0_fifo_generator_top__parameterized0__xdcDup__1
INFO: [VRFC 10-311] analyzing module kria_top_auto_ds_0_fifo_generator_v13_2_8
INFO: [VRFC 10-311] analyzing module kria_top_auto_ds_0_fifo_generator_v13_2_8__parameterized0
INFO: [VRFC 10-311] analyzing module kria_top_auto_ds_0_fifo_generator_v13_2_8__parameterized0__xdcDup__1
INFO: [VRFC 10-311] analyzing module kria_top_auto_ds_0_fifo_generator_v13_2_8_synth
INFO: [VRFC 10-311] analyzing module kria_top_auto_ds_0_fifo_generator_v13_2_8_synth__parameterized0
INFO: [VRFC 10-311] analyzing module kria_top_auto_ds_0_fifo_generator_v13_2_8_synth__parameterized0__xdcDup__1
INFO: [VRFC 10-311] analyzing module kria_top_auto_ds_0_memory
INFO: [VRFC 10-311] analyzing module kria_top_auto_ds_0_memory__parameterized0
INFO: [VRFC 10-311] analyzing module kria_top_auto_ds_0_memory__parameterized0_9
INFO: [VRFC 10-311] analyzing module kria_top_auto_ds_0_rd_bin_cntr
INFO: [VRFC 10-311] analyzing module kria_top_auto_ds_0_rd_bin_cntr_15
INFO: [VRFC 10-311] analyzing module kria_top_auto_ds_0_rd_bin_cntr_6
INFO: [VRFC 10-311] analyzing module kria_top_auto_ds_0_rd_fwft
INFO: [VRFC 10-311] analyzing module kria_top_auto_ds_0_rd_fwft_13
INFO: [VRFC 10-311] analyzing module kria_top_auto_ds_0_rd_fwft_4
INFO: [VRFC 10-311] analyzing module kria_top_auto_ds_0_rd_logic
INFO: [VRFC 10-311] analyzing module kria_top_auto_ds_0_rd_logic_0
INFO: [VRFC 10-311] analyzing module kria_top_auto_ds_0_rd_logic_7
INFO: [VRFC 10-311] analyzing module kria_top_auto_ds_0_rd_status_flags_ss
INFO: [VRFC 10-311] analyzing module kria_top_auto_ds_0_rd_status_flags_ss_14
INFO: [VRFC 10-311] analyzing module kria_top_auto_ds_0_rd_status_flags_ss_5
INFO: [VRFC 10-311] analyzing module kria_top_auto_ds_0_reset_blk_ramfifo
INFO: [VRFC 10-311] analyzing module kria_top_auto_ds_0_reset_blk_ramfifo__xdcDup__1
INFO: [VRFC 10-311] analyzing module kria_top_auto_ds_0_reset_blk_ramfifo__xdcDup__2
INFO: [VRFC 10-311] analyzing module kria_top_auto_ds_0_wr_bin_cntr
INFO: [VRFC 10-311] analyzing module kria_top_auto_ds_0_wr_bin_cntr_12
INFO: [VRFC 10-311] analyzing module kria_top_auto_ds_0_wr_bin_cntr_3
INFO: [VRFC 10-311] analyzing module kria_top_auto_ds_0_wr_logic
INFO: [VRFC 10-311] analyzing module kria_top_auto_ds_0_wr_logic_1
INFO: [VRFC 10-311] analyzing module kria_top_auto_ds_0_wr_logic_8
INFO: [VRFC 10-311] analyzing module kria_top_auto_ds_0_wr_status_flags_ss
INFO: [VRFC 10-311] analyzing module kria_top_auto_ds_0_wr_status_flags_ss_11
INFO: [VRFC 10-311] analyzing module kria_top_auto_ds_0_wr_status_flags_ss_2
INFO: [VRFC 10-311] analyzing module kria_top_axi_bram_ctrl_0_bram_0_blk_mem_gen_generic_cstr
INFO: [VRFC 10-311] analyzing module kria_top_axi_bram_ctrl_0_bram_0_blk_mem_gen_prim_width
INFO: [VRFC 10-311] analyzing module kria_top_axi_bram_ctrl_0_bram_0_blk_mem_gen_prim_width__parameterized0
INFO: [VRFC 10-311] analyzing module kria_top_axi_bram_ctrl_0_bram_0_blk_mem_gen_prim_width__parameterized1
INFO: [VRFC 10-311] analyzing module kria_top_axi_bram_ctrl_0_bram_0_blk_mem_gen_prim_width__parameterized10
INFO: [VRFC 10-311] analyzing module kria_top_axi_bram_ctrl_0_bram_0_blk_mem_gen_prim_width__parameterized11
INFO: [VRFC 10-311] analyzing module kria_top_axi_bram_ctrl_0_bram_0_blk_mem_gen_prim_width__parameterized12
INFO: [VRFC 10-311] analyzing module kria_top_axi_bram_ctrl_0_bram_0_blk_mem_gen_prim_width__parameterized13
INFO: [VRFC 10-311] analyzing module kria_top_axi_bram_ctrl_0_bram_0_blk_mem_gen_prim_width__parameterized14
INFO: [VRFC 10-311] analyzing module kria_top_axi_bram_ctrl_0_bram_0_blk_mem_gen_prim_width__parameterized15
INFO: [VRFC 10-311] analyzing module kria_top_axi_bram_ctrl_0_bram_0_blk_mem_gen_prim_width__parameterized16
INFO: [VRFC 10-311] analyzing module kria_top_axi_bram_ctrl_0_bram_0_blk_mem_gen_prim_width__parameterized17
INFO: [VRFC 10-311] analyzing module kria_top_axi_bram_ctrl_0_bram_0_blk_mem_gen_prim_width__parameterized18
INFO: [VRFC 10-311] analyzing module kria_top_axi_bram_ctrl_0_bram_0_blk_mem_gen_prim_width__parameterized19
INFO: [VRFC 10-311] analyzing module kria_top_axi_bram_ctrl_0_bram_0_blk_mem_gen_prim_width__parameterized2
INFO: [VRFC 10-311] analyzing module kria_top_axi_bram_ctrl_0_bram_0_blk_mem_gen_prim_width__parameterized20
INFO: [VRFC 10-311] analyzing module kria_top_axi_bram_ctrl_0_bram_0_blk_mem_gen_prim_width__parameterized21
INFO: [VRFC 10-311] analyzing module kria_top_axi_bram_ctrl_0_bram_0_blk_mem_gen_prim_width__parameterized22
INFO: [VRFC 10-311] analyzing module kria_top_axi_bram_ctrl_0_bram_0_blk_mem_gen_prim_width__parameterized23
INFO: [VRFC 10-311] analyzing module kria_top_axi_bram_ctrl_0_bram_0_blk_mem_gen_prim_width__parameterized24
INFO: [VRFC 10-311] analyzing module kria_top_axi_bram_ctrl_0_bram_0_blk_mem_gen_prim_width__parameterized25
INFO: [VRFC 10-311] analyzing module kria_top_axi_bram_ctrl_0_bram_0_blk_mem_gen_prim_width__parameterized26
INFO: [VRFC 10-311] analyzing module kria_top_axi_bram_ctrl_0_bram_0_blk_mem_gen_prim_width__parameterized27
INFO: [VRFC 10-311] analyzing module kria_top_axi_bram_ctrl_0_bram_0_blk_mem_gen_prim_width__parameterized28
INFO: [VRFC 10-311] analyzing module kria_top_axi_bram_ctrl_0_bram_0_blk_mem_gen_prim_width__parameterized29
INFO: [VRFC 10-311] analyzing module kria_top_axi_bram_ctrl_0_bram_0_blk_mem_gen_prim_width__parameterized3
INFO: [VRFC 10-311] analyzing module kria_top_axi_bram_ctrl_0_bram_0_blk_mem_gen_prim_width__parameterized30
INFO: [VRFC 10-311] analyzing module kria_top_axi_bram_ctrl_0_bram_0_blk_mem_gen_prim_width__parameterized4
INFO: [VRFC 10-311] analyzing module kria_top_axi_bram_ctrl_0_bram_0_blk_mem_gen_prim_width__parameterized5
INFO: [VRFC 10-311] analyzing module kria_top_axi_bram_ctrl_0_bram_0_blk_mem_gen_prim_width__parameterized6
INFO: [VRFC 10-311] analyzing module kria_top_axi_bram_ctrl_0_bram_0_blk_mem_gen_prim_width__parameterized7
INFO: [VRFC 10-311] analyzing module kria_top_axi_bram_ctrl_0_bram_0_blk_mem_gen_prim_width__parameterized8
INFO: [VRFC 10-311] analyzing module kria_top_axi_bram_ctrl_0_bram_0_blk_mem_gen_prim_width__parameterized9
INFO: [VRFC 10-311] analyzing module kria_top_axi_bram_ctrl_0_bram_0_blk_mem_gen_prim_wrapper
INFO: [VRFC 10-311] analyzing module kria_top_axi_bram_ctrl_0_bram_0_blk_mem_gen_prim_wrapper__parameterized0
INFO: [VRFC 10-311] analyzing module kria_top_axi_bram_ctrl_0_bram_0_blk_mem_gen_prim_wrapper__parameterized1
INFO: [VRFC 10-311] analyzing module kria_top_axi_bram_ctrl_0_bram_0_blk_mem_gen_prim_wrapper__parameterized10
INFO: [VRFC 10-311] analyzing module kria_top_axi_bram_ctrl_0_bram_0_blk_mem_gen_prim_wrapper__parameterized11
INFO: [VRFC 10-311] analyzing module kria_top_axi_bram_ctrl_0_bram_0_blk_mem_gen_prim_wrapper__parameterized12
INFO: [VRFC 10-311] analyzing module kria_top_axi_bram_ctrl_0_bram_0_blk_mem_gen_prim_wrapper__parameterized13
INFO: [VRFC 10-311] analyzing module kria_top_axi_bram_ctrl_0_bram_0_blk_mem_gen_prim_wrapper__parameterized14
INFO: [VRFC 10-311] analyzing module kria_top_axi_bram_ctrl_0_bram_0_blk_mem_gen_prim_wrapper__parameterized15
INFO: [VRFC 10-311] analyzing module kria_top_axi_bram_ctrl_0_bram_0_blk_mem_gen_prim_wrapper__parameterized16
INFO: [VRFC 10-311] analyzing module kria_top_axi_bram_ctrl_0_bram_0_blk_mem_gen_prim_wrapper__parameterized17
INFO: [VRFC 10-311] analyzing module kria_top_axi_bram_ctrl_0_bram_0_blk_mem_gen_prim_wrapper__parameterized18
INFO: [VRFC 10-311] analyzing module kria_top_axi_bram_ctrl_0_bram_0_blk_mem_gen_prim_wrapper__parameterized19
INFO: [VRFC 10-311] analyzing module kria_top_axi_bram_ctrl_0_bram_0_blk_mem_gen_prim_wrapper__parameterized2
INFO: [VRFC 10-311] analyzing module kria_top_axi_bram_ctrl_0_bram_0_blk_mem_gen_prim_wrapper__parameterized20
INFO: [VRFC 10-311] analyzing module kria_top_axi_bram_ctrl_0_bram_0_blk_mem_gen_prim_wrapper__parameterized21
INFO: [VRFC 10-311] analyzing module kria_top_axi_bram_ctrl_0_bram_0_blk_mem_gen_prim_wrapper__parameterized22
INFO: [VRFC 10-311] analyzing module kria_top_axi_bram_ctrl_0_bram_0_blk_mem_gen_prim_wrapper__parameterized23
INFO: [VRFC 10-311] analyzing module kria_top_axi_bram_ctrl_0_bram_0_blk_mem_gen_prim_wrapper__parameterized24
INFO: [VRFC 10-311] analyzing module kria_top_axi_bram_ctrl_0_bram_0_blk_mem_gen_prim_wrapper__parameterized25
INFO: [VRFC 10-311] analyzing module kria_top_axi_bram_ctrl_0_bram_0_blk_mem_gen_prim_wrapper__parameterized26
INFO: [VRFC 10-311] analyzing module kria_top_axi_bram_ctrl_0_bram_0_blk_mem_gen_prim_wrapper__parameterized27
INFO: [VRFC 10-311] analyzing module kria_top_axi_bram_ctrl_0_bram_0_blk_mem_gen_prim_wrapper__parameterized28
INFO: [VRFC 10-311] analyzing module kria_top_axi_bram_ctrl_0_bram_0_blk_mem_gen_prim_wrapper__parameterized29
INFO: [VRFC 10-311] analyzing module kria_top_axi_bram_ctrl_0_bram_0_blk_mem_gen_prim_wrapper__parameterized3
INFO: [VRFC 10-311] analyzing module kria_top_axi_bram_ctrl_0_bram_0_blk_mem_gen_prim_wrapper__parameterized30
INFO: [VRFC 10-311] analyzing module kria_top_axi_bram_ctrl_0_bram_0_blk_mem_gen_prim_wrapper__parameterized4
INFO: [VRFC 10-311] analyzing module kria_top_axi_bram_ctrl_0_bram_0_blk_mem_gen_prim_wrapper__parameterized5
INFO: [VRFC 10-311] analyzing module kria_top_axi_bram_ctrl_0_bram_0_blk_mem_gen_prim_wrapper__parameterized6
INFO: [VRFC 10-311] analyzing module kria_top_axi_bram_ctrl_0_bram_0_blk_mem_gen_prim_wrapper__parameterized7
INFO: [VRFC 10-311] analyzing module kria_top_axi_bram_ctrl_0_bram_0_blk_mem_gen_prim_wrapper__parameterized8
INFO: [VRFC 10-311] analyzing module kria_top_axi_bram_ctrl_0_bram_0_blk_mem_gen_prim_wrapper__parameterized9
INFO: [VRFC 10-311] analyzing module kria_top_axi_bram_ctrl_0_bram_0_blk_mem_gen_top
INFO: [VRFC 10-311] analyzing module kria_top_axi_bram_ctrl_0_bram_0_blk_mem_gen_v8_4_6
INFO: [VRFC 10-311] analyzing module kria_top_axi_bram_ctrl_0_bram_0_blk_mem_gen_v8_4_6_synth
INFO: [VRFC 10-311] analyzing module kria_top_axi_bram_ctrl_1_bram_0_blk_mem_gen_generic_cstr
INFO: [VRFC 10-311] analyzing module kria_top_axi_bram_ctrl_1_bram_0_blk_mem_gen_prim_width
INFO: [VRFC 10-311] analyzing module kria_top_axi_bram_ctrl_1_bram_0_blk_mem_gen_prim_width__parameterized0
INFO: [VRFC 10-311] analyzing module kria_top_axi_bram_ctrl_1_bram_0_blk_mem_gen_prim_wrapper
INFO: [VRFC 10-311] analyzing module kria_top_axi_bram_ctrl_1_bram_0_blk_mem_gen_prim_wrapper__parameterized0
INFO: [VRFC 10-311] analyzing module kria_top_axi_bram_ctrl_1_bram_0_blk_mem_gen_top
INFO: [VRFC 10-311] analyzing module kria_top_axi_bram_ctrl_1_bram_0_blk_mem_gen_v8_4_6
INFO: [VRFC 10-311] analyzing module kria_top_axi_bram_ctrl_1_bram_0_blk_mem_gen_v8_4_6_synth
INFO: [VRFC 10-311] analyzing module glbl
INFO: [VRFC 10-2263] Analyzing SystemVerilog file "D:/CE/DAKTMT/Vivado/project_dct/project_dct.srcs/sources_1/new/counter.sv" into library xil_defaultlib
INFO: [VRFC 10-311] analyzing module counter
INFO: [VRFC 10-2263] Analyzing SystemVerilog file "D:/CE/DAKTMT/Vivado/project_dct/project_dct.srcs/sources_1/new/rd_bram.sv" into library xil_defaultlib
INFO: [VRFC 10-311] analyzing module rd_bram
INFO: [VRFC 10-2263] Analyzing SystemVerilog file "D:/CE/DAKTMT/Vivado/project_dct/project_dct.srcs/sim_1/new/rd_tb.sv" into library xil_defaultlib
INFO: [VRFC 10-311] analyzing module rd_tb
