Vivado Simulator v2023.1.1
Copyright 1986-2022 Xilinx, Inc. All Rights Reserved.
Copyright 2022-2023 Advanced Micro Devices, Inc. All Rights Reserved.
Running: C:/Xilinx/Vivado/2023.1/bin/unwrapped/win64.o/xelab.exe --incr --debug typical --relax --mt 2 --maxdelay -L xil_defaultlib -L uvm -L xilinx_vip -L simprims_ver -L secureip --snapshot rd_tb_time_impl -transport_int_delays -pulse_r 0 -pulse_int_r 0 -pulse_e 0 -pulse_int_e 0 xil_defaultlib.rd_tb xil_defaultlib.glbl -log elaborate.log 
Using 2 slave threads.
Starting static elaboration
Pass Through NonSizing Optimizer
Completed static elaboration
Starting simulation data flow analysis
Completed simulation data flow analysis
Time Resolution for simulation is 1ps
Compiling module simprims_ver.DSP_ALU(ALUMODEREG=0,CARRYINREG=...
Compiling module simprims_ver.DSP_A_B_DATA(ACASCREG=0,AREG=0,B...
Compiling module simprims_ver.DSP_C_DATA(CREG=0)
Compiling module simprims_ver.DSP_MULTIPLIER(USE_MULT="NONE")
Compiling module simprims_ver.DSP_M_DATA(MREG=0)
Compiling module simprims_ver.DSP_OUTPUT
Compiling module simprims_ver.DSP_PREADD_DATA(ADREG=0,DREG=0,I...
Compiling module simprims_ver.DSP_PREADD
Compiling module xil_defaultlib.accum_32
Compiling module xil_defaultlib.counter(DATA_W=32)
Compiling module xil_defaultlib.counter(DATA_W=16)
Compiling module xil_defaultlib.rd_bram(REG_W=16)
Compiling module xil_defaultlib.rd_tb
Compiling module xil_defaultlib.glbl
Built simulation snapshot rd_tb_time_impl
