INFO: [VRFC 10-2263] Analyzing Verilog file "D:/CE/DAKTMT/Vivado/project_dct/project_dct.sim/sim_1/synth/timing/xsim/rd_tb_time_synth.v" into library xil_defaultlib
INFO: [VRFC 10-311] analyzing module IBUF_UNIQ_BASE_
INFO: [VRFC 10-311] analyzing module IBUF_HD1159
INFO: [VRFC 10-311] analyzing module IBUF_HD1160
INFO: [VRFC 10-311] analyzing module IBUF_HD1161
INFO: [VRFC 10-311] analyzing module IBUF_HD1162
INFO: [VRFC 10-311] analyzing module IBUF_HD1163
INFO: [VRFC 10-311] analyzing module IBUF_HD1164
INFO: [VRFC 10-311] analyzing module IBUF_HD1165
INFO: [VRFC 10-311] analyzing module IBUF_HD1166
INFO: [VRFC 10-311] analyzing module IBUF_HD1167
INFO: [VRFC 10-311] analyzing module IBUF_HD1168
INFO: [VRFC 10-311] analyzing module IBUF_HD1169
INFO: [VRFC 10-311] analyzing module IBUF_HD1170
INFO: [VRFC 10-311] analyzing module IBUF_HD1171
INFO: [VRFC 10-311] analyzing module IBUF_HD1172
INFO: [VRFC 10-311] analyzing module IBUF_HD1173
INFO: [VRFC 10-311] analyzing module IBUF_HD1174
INFO: [VRFC 10-311] analyzing module IBUF_HD1175
INFO: [VRFC 10-311] analyzing module IBUF_HD1176
INFO: [VRFC 10-311] analyzing module IBUF_HD1177
INFO: [VRFC 10-311] analyzing module IBUF_HD1178
INFO: [VRFC 10-311] analyzing module IBUF_HD1179
INFO: [VRFC 10-311] analyzing module IBUF_HD1180
INFO: [VRFC 10-311] analyzing module IBUF_HD1181
INFO: [VRFC 10-311] analyzing module IBUF_HD1182
INFO: [VRFC 10-311] analyzing module IBUF_HD1183
INFO: [VRFC 10-311] analyzing module IBUF_HD1184
INFO: [VRFC 10-311] analyzing module IBUF_HD1185
INFO: [VRFC 10-311] analyzing module IBUF_HD1186
INFO: [VRFC 10-311] analyzing module IBUF_HD1187
INFO: [VRFC 10-311] analyzing module IBUF_HD1188
INFO: [VRFC 10-311] analyzing module IBUF_HD1189
INFO: [VRFC 10-311] analyzing module IBUF_HD1190
INFO: [VRFC 10-311] analyzing module IBUF_HD1191
INFO: [VRFC 10-311] analyzing module IBUF_HD1192
INFO: [VRFC 10-311] analyzing module IBUF_HD1193
INFO: [VRFC 10-311] analyzing module IBUF_HD1194
INFO: [VRFC 10-311] analyzing module IBUF_HD1195
INFO: [VRFC 10-311] analyzing module IBUF_HD1196
INFO: [VRFC 10-311] analyzing module IBUF_HD1197
INFO: [VRFC 10-311] analyzing module IBUF_HD1198
INFO: [VRFC 10-311] analyzing module IBUF_HD1199
INFO: [VRFC 10-311] analyzing module IBUF_HD1200
INFO: [VRFC 10-311] analyzing module IBUF_HD1201
INFO: [VRFC 10-311] analyzing module IBUF_HD1202
INFO: [VRFC 10-311] analyzing module IBUF_HD1203
INFO: [VRFC 10-311] analyzing module IBUF_HD1204
INFO: [VRFC 10-311] analyzing module IBUF_HD1205
INFO: [VRFC 10-311] analyzing module IBUF_HD1206
INFO: [VRFC 10-311] analyzing module IBUF_HD1207
INFO: [VRFC 10-311] analyzing module IBUF_HD1208
INFO: [VRFC 10-311] analyzing module IBUF_HD1209
INFO: [VRFC 10-311] analyzing module IBUF_HD1210
INFO: [VRFC 10-311] analyzing module IBUF_HD1211
INFO: [VRFC 10-311] analyzing module IBUF_HD1212
INFO: [VRFC 10-311] analyzing module IBUF_HD1213
INFO: [VRFC 10-311] analyzing module IBUF_HD1214
INFO: [VRFC 10-311] analyzing module IBUF_HD1215
INFO: [VRFC 10-311] analyzing module IBUF_HD1216
INFO: [VRFC 10-311] analyzing module IBUF_HD1217
INFO: [VRFC 10-311] analyzing module IBUF_HD1218
INFO: [VRFC 10-311] analyzing module IBUF_HD1219
INFO: [VRFC 10-311] analyzing module IBUF_HD1220
INFO: [VRFC 10-311] analyzing module accum_32
INFO: [VRFC 10-311] analyzing module accum_32_HD1151
INFO: [VRFC 10-311] analyzing module counter
INFO: [VRFC 10-311] analyzing module counter__xdcDup__1
INFO: [VRFC 10-311] analyzing module rd_bram
INFO: [VRFC 10-311] analyzing module DSP48E2_UNIQ_BASE_
INFO: [VRFC 10-311] analyzing module DSP48E2_HD1158
INFO: [VRFC 10-311] analyzing module accum_32_c_accum_v12_0_15
INFO: [VRFC 10-311] analyzing module accum_32_c_accum_v12_0_15_HD1152
INFO: [VRFC 10-311] analyzing module accum_32_c_accum_v12_0_15_viv
INFO: [VRFC 10-311] analyzing module accum_32_c_accum_v12_0_15_viv_HD1153
INFO: [VRFC 10-311] analyzing module accum_32_xbip_accum_v3_0_6_viv
INFO: [VRFC 10-311] analyzing module accum_32_xbip_accum_v3_0_6_viv_HD1154
INFO: [VRFC 10-311] analyzing module accum_32_xbip_dsp48_acc_synth
INFO: [VRFC 10-311] analyzing module accum_32_xbip_dsp48_acc_synth_HD1156
INFO: [VRFC 10-311] analyzing module accum_32_xbip_dsp48_acc_v3_0_6_viv
INFO: [VRFC 10-311] analyzing module accum_32_xbip_dsp48_acc_v3_0_6_viv_HD1155
INFO: [VRFC 10-311] analyzing module accum_32_xbip_dsp48e_wrapper_v3_0
INFO: [VRFC 10-311] analyzing module accum_32_xbip_dsp48e_wrapper_v3_0_HD1157
INFO: [VRFC 10-311] analyzing module glbl
INFO: [VRFC 10-2263] Analyzing SystemVerilog file "D:/CE/DAKTMT/Vivado/project_dct/project_dct.srcs/sim_1/new/rd_tb.sv" into library xil_defaultlib
INFO: [VRFC 10-311] analyzing module rd_tb
